# JRE version: Java(TM) SE Runtime Environment (8.0_181-b13) (build 1.8.0_181-b13)
# Java VM: Java HotSpot(TM) 64-Bit Server VM (25.181-b13 mixed mode windows-amd64 compressed oops)
Heap:
 PSYoungGen      total 27648K, used 8630K [0x00000000e1800000, 0x00000000e3680000, 0x0000000100000000)
  eden space 24064K, 34% used [0x00000000e1800000,0x00000000e2005868,0x00000000e2f80000)
  from space 3584K, 11% used [0x00000000e2f80000,0x00000000e2fe8000,0x00000000e3300000)
  to   space 3584K, 0% used [0x00000000e3300000,0x00000000e3300000,0x00000000e3680000)
 ParOldGen       total 37888K, used 8151K [0x00000000a4800000, 0x00000000a6d00000, 0x00000000e1800000)
  object space 37888K, 21% used [0x00000000a4800000,0x00000000a4ff5db0,0x00000000a6d00000)
 Metaspace       used 22138K, capacity 22390K, committed 22528K, reserved 1069056K
  class space    used 2438K, capacity 2511K, committed 2560K, reserved 1048576K
GC Heap History (8 events):
Event: 2.190 GC heap before
{Heap before GC invocations=1 (full 0):
 PSYoungGen      total 27648K, used 23988K [0x00000000e1800000, 0x00000000e3680000, 0x0000000100000000)
  eden space 24064K, 99% used [0x00000000e1800000,0x00000000e2f6d190,0x00000000e2f80000)
  from space 3584K, 0% used [0x00000000e3300000,0x00000000e3300000,0x00000000e3680000)
  to   space 3584K, 0% used [0x00000000e2f80000,0x00000000e2f80000,0x00000000e3300000)
 ParOldGen       total 62976K, used 0K [0x00000000a4800000, 0x00000000a8580000, 0x00000000e1800000)
  object space 62976K, 0% used [0x00000000a4800000,0x00000000a4800000,0x00000000a8580000)
 Metaspace       used 19157K, capacity 19402K, committed 19584K, reserved 1067008K
  class space    used 2247K, capacity 2347K, committed 2432K, reserved 1048576K
Event: 2.200 GC heap after
Heap after GC invocations=1 (full 0):
 PSYoungGen      total 27648K, used 3559K [0x00000000e1800000, 0x00000000e3680000, 0x0000000100000000)
  eden space 24064K, 0% used [0x00000000e1800000,0x00000000e1800000,0x00000000e2f80000)
  from space 3584K, 99% used [0x00000000e2f80000,0x00000000e32f9c30,0x00000000e3300000)
  to   space 3584K, 0% used [0x00000000e3300000,0x00000000e3300000,0x00000000e3680000)
 ParOldGen       total 62976K, used 4367K [0x00000000a4800000, 0x00000000a8580000, 0x00000000e1800000)
  object space 62976K, 6% used [0x00000000a4800000,0x00000000a4c43e70,0x00000000a8580000)
 Metaspace       used 19157K, capacity 19402K, committed 19584K, reserved 1067008K
  class space    used 2247K, capacity 2347K, committed 2432K, reserved 1048576K
}
Event: 12.470 GC heap before
{Heap before GC invocations=2 (full 0):
 PSYoungGen      total 27648K, used 7427K [0x00000000e1800000, 0x00000000e3680000, 0x0000000100000000)
  eden space 24064K, 16% used [0x00000000e1800000,0x00000000e1bc7388,0x00000000e2f80000)
  from space 3584K, 99% used [0x00000000e2f80000,0x00000000e32f9c30,0x00000000e3300000)
  to   space 3584K, 0% used [0x00000000e3300000,0x00000000e3300000,0x00000000e3680000)
 ParOldGen       total 62976K, used 4367K [0x00000000a4800000, 0x00000000a8580000, 0x00000000e1800000)
  object space 62976K, 6% used [0x00000000a4800000,0x00000000a4c43e70,0x00000000a8580000)
 Metaspace       used 20930K, capacity 21142K, committed 21248K, reserved 1069056K
  class space    used 2383K, capacity 2479K, committed 2560K, reserved 1048576K
Event: 12.476 GC heap after
Heap after GC invocations=2 (full 0):
 PSYoungGen      total 27648K, used 3576K [0x00000000e1800000, 0x00000000e3680000, 0x0000000100000000)
  eden space 24064K, 0% used [0x00000000e1800000,0x00000000e1800000,0x00000000e2f80000)
  from space 3584K, 99% used [0x00000000e3300000,0x00000000e367e010,0x00000000e3680000)
  to   space 3584K, 0% used [0x00000000e2f80000,0x00000000e2f80000,0x00000000e3300000)
 ParOldGen       total 62976K, used 4998K [0x00000000a4800000, 0x00000000a8580000, 0x00000000e1800000)
  object space 62976K, 7% used [0x00000000a4800000,0x00000000a4ce1970,0x00000000a8580000)
 Metaspace       used 20930K, capacity 21142K, committed 21248K, reserved 1069056K
  class space    used 2383K, capacity 2479K, committed 2560K, reserved 1048576K
}
Event: 12.476 GC heap before
{Heap before GC invocations=3 (full 1):
 PSYoungGen      total 27648K, used 3576K [0x00000000e1800000, 0x00000000e3680000, 0x0000000100000000)
  eden space 24064K, 0% used [0x00000000e1800000,0x00000000e1800000,0x00000000e2f80000)
  from space 3584K, 99% used [0x00000000e3300000,0x00000000e367e010,0x00000000e3680000)
  to   space 3584K, 0% used [0x00000000e2f80000,0x00000000e2f80000,0x00000000e3300000)
 ParOldGen       total 62976K, used 4998K [0x00000000a4800000, 0x00000000a8580000, 0x00000000e1800000)
  object space 62976K, 7% used [0x00000000a4800000,0x00000000a4ce1970,0x00000000a8580000)
 Metaspace       used 20930K, capacity 21142K, committed 21248K, reserved 1069056K
  class space    used 2383K, capacity 2479K, committed 2560K, reserved 1048576K
Event: 12.514 GC heap after
Heap after GC invocations=3 (full 1):
 PSYoungGen      total 27648K, used 0K [0x00000000e1800000, 0x00000000e3680000, 0x0000000100000000)
  eden space 24064K, 0% used [0x00000000e1800000,0x00000000e1800000,0x00000000e2f80000)
  from space 3584K, 0% used [0x00000000e3300000,0x00000000e3300000,0x00000000e3680000)
  to   space 3584K, 0% used [0x00000000e2f80000,0x00000000e2f80000,0x00000000e3300000)
 ParOldGen       total 37888K, used 8151K [0x00000000a4800000, 0x00000000a6d00000, 0x00000000e1800000)
  object space 37888K, 21% used [0x00000000a4800000,0x00000000a4ff5db0,0x00000000a6d00000)
 Metaspace       used 20930K, capacity 21142K, committed 21248K, reserved 1069056K
  class space    used 2383K, capacity 2479K, committed 2560K, reserved 1048576K
}
Event: 56.142 GC heap before
{Heap before GC invocations=4 (full 1):
 PSYoungGen      total 27648K, used 24064K [0x00000000e1800000, 0x00000000e3680000, 0x0000000100000000)
  eden space 24064K, 100% used [0x00000000e1800000,0x00000000e2f80000,0x00000000e2f80000)
  from space 3584K, 0% used [0x00000000e3300000,0x00000000e3300000,0x00000000e3680000)
  to   space 3584K, 0% used [0x00000000e2f80000,0x00000000e2f80000,0x00000000e3300000)
 ParOldGen       total 37888K, used 8151K [0x00000000a4800000, 0x00000000a6d00000, 0x00000000e1800000)
  object space 37888K, 21% used [0x00000000a4800000,0x00000000a4ff5db0,0x00000000a6d00000)
 Metaspace       used 22094K, capacity 22390K, committed 22528K, reserved 1069056K
  class space    used 2438K, capacity 2511K, committed 2560K, reserved 1048576K
Event: 56.144 GC heap after
Heap after GC invocations=4 (full 1):
 PSYoungGen      total 27648K, used 416K [0x00000000e1800000, 0x00000000e3680000, 0x0000000100000000)
  eden space 24064K, 0% used [0x00000000e1800000,0x00000000e1800000,0x00000000e2f80000)
  from space 3584K, 11% used [0x00000000e2f80000,0x00000000e2fe8000,0x00000000e3300000)
  to   space 3584K, 0% used [0x00000000e3300000,0x00000000e3300000,0x00000000e3680000)
 ParOldGen       total 37888K, used 8151K [0x00000000a4800000, 0x00000000a6d00000, 0x00000000e1800000)
  object space 37888K, 21% used [0x00000000a4800000,0x00000000a4ff5db0,0x00000000a6d00000)
 Metaspace       used 22094K, capacity 22390K, committed 22528K, reserved 1069056K
  class space    used 2438K, capacity 2511K, committed 2560K, reserved 1048576K
}

