# JRE version: Java(TM) SE Runtime Environment (8.0_181-b13) (build 1.8.0_181-b13)
# Java VM: Java HotSpot(TM) 64-Bit Server VM (25.181-b13 mixed mode windows-amd64 compressed oops)
Heap:
 PSYoungGen      total 27648K, used 21095K [0x00000000e1800000, 0x00000000e3680000, 0x0000000100000000)
  eden space 24064K, 87% used [0x00000000e1800000,0x00000000e2c99f80,0x00000000e2f80000)
  from space 3584K, 0% used [0x00000000e3300000,0x00000000e3300000,0x00000000e3680000)
  to   space 3584K, 0% used [0x00000000e2f80000,0x00000000e2f80000,0x00000000e3300000)
 ParOldGen       total 37376K, used 8164K [0x00000000a4800000, 0x00000000a6c80000, 0x00000000e1800000)
  object space 37376K, 21% used [0x00000000a4800000,0x00000000a4ff9078,0x00000000a6c80000)
 Metaspace       used 22071K, capacity 22326K, committed 22528K, reserved 1069056K
  class space    used 2435K, capacity 2511K, committed 2560K, reserved 1048576K
GC Heap History (6 events):
Event: 2.043 GC heap before
{Heap before GC invocations=1 (full 0):
 PSYoungGen      total 27648K, used 23919K [0x00000000e1800000, 0x00000000e3680000, 0x0000000100000000)
  eden space 24064K, 99% used [0x00000000e1800000,0x00000000e2f5bdb0,0x00000000e2f80000)
  from space 3584K, 0% used [0x00000000e3300000,0x00000000e3300000,0x00000000e3680000)
  to   space 3584K, 0% used [0x00000000e2f80000,0x00000000e2f80000,0x00000000e3300000)
 ParOldGen       total 62976K, used 0K [0x00000000a4800000, 0x00000000a8580000, 0x00000000e1800000)
  object space 62976K, 0% used [0x00000000a4800000,0x00000000a4800000,0x00000000a8580000)
 Metaspace       used 19100K, capacity 19306K, committed 19584K, reserved 1067008K
  class space    used 2235K, capacity 2315K, committed 2432K, reserved 1048576K
Event: 2.056 GC heap after
Heap after GC invocations=1 (full 0):
 PSYoungGen      total 27648K, used 3576K [0x00000000e1800000, 0x00000000e3680000, 0x0000000100000000)
  eden space 24064K, 0% used [0x00000000e1800000,0x00000000e1800000,0x00000000e2f80000)
  from space 3584K, 99% used [0x00000000e2f80000,0x00000000e32fe010,0x00000000e3300000)
  to   space 3584K, 0% used [0x00000000e3300000,0x00000000e3300000,0x00000000e3680000)
 ParOldGen       total 62976K, used 4347K [0x00000000a4800000, 0x00000000a8580000, 0x00000000e1800000)
  object space 62976K, 6% used [0x00000000a4800000,0x00000000a4c3ef48,0x00000000a8580000)
 Metaspace       used 19100K, capacity 19306K, committed 19584K, reserved 1067008K
  class space    used 2235K, capacity 2315K, committed 2432K, reserved 1048576K
}
Event: 12.338 GC heap before
{Heap before GC invocations=2 (full 0):
 PSYoungGen      total 27648K, used 7683K [0x00000000e1800000, 0x00000000e3680000, 0x0000000100000000)
  eden space 24064K, 17% used [0x00000000e1800000,0x00000000e1c02c48,0x00000000e2f80000)
  from space 3584K, 99% used [0x00000000e2f80000,0x00000000e32fe010,0x00000000e3300000)
  to   space 3584K, 0% used [0x00000000e3300000,0x00000000e3300000,0x00000000e3680000)
 ParOldGen       total 62976K, used 4347K [0x00000000a4800000, 0x00000000a8580000, 0x00000000e1800000)
  object space 62976K, 6% used [0x00000000a4800000,0x00000000a4c3ef48,0x00000000a8580000)
 Metaspace       used 20919K, capacity 21110K, committed 21248K, reserved 1069056K
  class space    used 2375K, capacity 2447K, committed 2560K, reserved 1048576K
Event: 12.343 GC heap after
Heap after GC invocations=2 (full 0):
 PSYoungGen      total 27648K, used 1968K [0x00000000e1800000, 0x00000000e3680000, 0x0000000100000000)
  eden space 24064K, 0% used [0x00000000e1800000,0x00000000e1800000,0x00000000e2f80000)
  from space 3584K, 54% used [0x00000000e3300000,0x00000000e34ec358,0x00000000e3680000)
  to   space 3584K, 0% used [0x00000000e2f80000,0x00000000e2f80000,0x00000000e3300000)
 ParOldGen       total 62976K, used 6875K [0x00000000a4800000, 0x00000000a8580000, 0x00000000e1800000)
  object space 62976K, 10% used [0x00000000a4800000,0x00000000a4eb6f58,0x00000000a8580000)
 Metaspace       used 20919K, capacity 21110K, committed 21248K, reserved 1069056K
  class space    used 2375K, capacity 2447K, committed 2560K, reserved 1048576K
}
Event: 12.343 GC heap before
{Heap before GC invocations=3 (full 1):
 PSYoungGen      total 27648K, used 1968K [0x00000000e1800000, 0x00000000e3680000, 0x0000000100000000)
  eden space 24064K, 0% used [0x00000000e1800000,0x00000000e1800000,0x00000000e2f80000)
  from space 3584K, 54% used [0x00000000e3300000,0x00000000e34ec358,0x00000000e3680000)
  to   space 3584K, 0% used [0x00000000e2f80000,0x00000000e2f80000,0x00000000e3300000)
 ParOldGen       total 62976K, used 6875K [0x00000000a4800000, 0x00000000a8580000, 0x00000000e1800000)
  object space 62976K, 10% used [0x00000000a4800000,0x00000000a4eb6f58,0x00000000a8580000)
 Metaspace       used 20919K, capacity 21110K, committed 21248K, reserved 1069056K
  class space    used 2375K, capacity 2447K, committed 2560K, reserved 1048576K
Event: 12.392 GC heap after
Heap after GC invocations=3 (full 1):
 PSYoungGen      total 27648K, used 0K [0x00000000e1800000, 0x00000000e3680000, 0x0000000100000000)
  eden space 24064K, 0% used [0x00000000e1800000,0x00000000e1800000,0x00000000e2f80000)
  from space 3584K, 0% used [0x00000000e3300000,0x00000000e3300000,0x00000000e3680000)
  to   space 3584K, 0% used [0x00000000e2f80000,0x00000000e2f80000,0x00000000e3300000)
 ParOldGen       total 37376K, used 8164K [0x00000000a4800000, 0x00000000a6c80000, 0x00000000e1800000)
  object space 37376K, 21% used [0x00000000a4800000,0x00000000a4ff9078,0x00000000a6c80000)
 Metaspace       used 20919K, capacity 21110K, committed 21248K, reserved 1069056K
  class space    used 2375K, capacity 2447K, committed 2560K, reserved 1048576K
}

