# JRE version: Java(TM) SE Runtime Environment (8.0_181-b13) (build 1.8.0_181-b13)
# Java VM: Java HotSpot(TM) 64-Bit Server VM (25.181-b13 mixed mode windows-amd64 compressed oops)
Heap:
 PSYoungGen      total 27648K, used 9415K [0x00000000e1800000, 0x00000000e3680000, 0x0000000100000000)
  eden space 24064K, 35% used [0x00000000e1800000,0x00000000e2049f08,0x00000000e2f80000)
  from space 3584K, 25% used [0x00000000e2f80000,0x00000000e3068000,0x00000000e3300000)
  to   space 3584K, 0% used [0x00000000e3300000,0x00000000e3300000,0x00000000e3680000)
 ParOldGen       total 37888K, used 8216K [0x00000000a4800000, 0x00000000a6d00000, 0x00000000e1800000)
  object space 37888K, 21% used [0x00000000a4800000,0x00000000a5006120,0x00000000a6d00000)
 Metaspace       used 22154K, capacity 22390K, committed 22528K, reserved 1069056K
  class space    used 2445K, capacity 2511K, committed 2560K, reserved 1048576K
GC Heap History (8 events):
Event: 2.497 GC heap before
{Heap before GC invocations=1 (full 0):
 PSYoungGen      total 27648K, used 24034K [0x00000000e1800000, 0x00000000e3680000, 0x0000000100000000)
  eden space 24064K, 99% used [0x00000000e1800000,0x00000000e2f789c0,0x00000000e2f80000)
  from space 3584K, 0% used [0x00000000e3300000,0x00000000e3300000,0x00000000e3680000)
  to   space 3584K, 0% used [0x00000000e2f80000,0x00000000e2f80000,0x00000000e3300000)
 ParOldGen       total 62976K, used 0K [0x00000000a4800000, 0x00000000a8580000, 0x00000000e1800000)
  object space 62976K, 0% used [0x00000000a4800000,0x00000000a4800000,0x00000000a8580000)
 Metaspace       used 19130K, capacity 19370K, committed 19584K, reserved 1067008K
  class space    used 2242K, capacity 2315K, committed 2432K, reserved 1048576K
Event: 2.510 GC heap after
Heap after GC invocations=1 (full 0):
 PSYoungGen      total 27648K, used 3575K [0x00000000e1800000, 0x00000000e3680000, 0x0000000100000000)
  eden space 24064K, 0% used [0x00000000e1800000,0x00000000e1800000,0x00000000e2f80000)
  from space 3584K, 99% used [0x00000000e2f80000,0x00000000e32fdc20,0x00000000e3300000)
  to   space 3584K, 0% used [0x00000000e3300000,0x00000000e3300000,0x00000000e3680000)
 ParOldGen       total 62976K, used 4376K [0x00000000a4800000, 0x00000000a8580000, 0x00000000e1800000)
  object space 62976K, 6% used [0x00000000a4800000,0x00000000a4c46350,0x00000000a8580000)
 Metaspace       used 19130K, capacity 19370K, committed 19584K, reserved 1067008K
  class space    used 2242K, capacity 2315K, committed 2432K, reserved 1048576K
}
Event: 12.783 GC heap before
{Heap before GC invocations=2 (full 0):
 PSYoungGen      total 27648K, used 7774K [0x00000000e1800000, 0x00000000e3680000, 0x0000000100000000)
  eden space 24064K, 17% used [0x00000000e1800000,0x00000000e1c19f88,0x00000000e2f80000)
  from space 3584K, 99% used [0x00000000e2f80000,0x00000000e32fdc20,0x00000000e3300000)
  to   space 3584K, 0% used [0x00000000e3300000,0x00000000e3300000,0x00000000e3680000)
 ParOldGen       total 62976K, used 4376K [0x00000000a4800000, 0x00000000a8580000, 0x00000000e1800000)
  object space 62976K, 6% used [0x00000000a4800000,0x00000000a4c46350,0x00000000a8580000)
 Metaspace       used 20923K, capacity 21110K, committed 21248K, reserved 1069056K
  class space    used 2377K, capacity 2447K, committed 2560K, reserved 1048576K
Event: 12.789 GC heap after
Heap after GC invocations=2 (full 0):
 PSYoungGen      total 27648K, used 3576K [0x00000000e1800000, 0x00000000e3680000, 0x0000000100000000)
  eden space 24064K, 0% used [0x00000000e1800000,0x00000000e1800000,0x00000000e2f80000)
  from space 3584K, 99% used [0x00000000e3300000,0x00000000e367e010,0x00000000e3680000)
  to   space 3584K, 0% used [0x00000000e2f80000,0x00000000e2f80000,0x00000000e3300000)
 ParOldGen       total 62976K, used 5094K [0x00000000a4800000, 0x00000000a8580000, 0x00000000e1800000)
  object space 62976K, 8% used [0x00000000a4800000,0x00000000a4cf9928,0x00000000a8580000)
 Metaspace       used 20923K, capacity 21110K, committed 21248K, reserved 1069056K
  class space    used 2377K, capacity 2447K, committed 2560K, reserved 1048576K
}
Event: 12.789 GC heap before
{Heap before GC invocations=3 (full 1):
 PSYoungGen      total 27648K, used 3576K [0x00000000e1800000, 0x00000000e3680000, 0x0000000100000000)
  eden space 24064K, 0% used [0x00000000e1800000,0x00000000e1800000,0x00000000e2f80000)
  from space 3584K, 99% used [0x00000000e3300000,0x00000000e367e010,0x00000000e3680000)
  to   space 3584K, 0% used [0x00000000e2f80000,0x00000000e2f80000,0x00000000e3300000)
 ParOldGen       total 62976K, used 5094K [0x00000000a4800000, 0x00000000a8580000, 0x00000000e1800000)
  object space 62976K, 8% used [0x00000000a4800000,0x00000000a4cf9928,0x00000000a8580000)
 Metaspace       used 20923K, capacity 21110K, committed 21248K, reserved 1069056K
  class space    used 2377K, capacity 2447K, committed 2560K, reserved 1048576K
Event: 12.826 GC heap after
Heap after GC invocations=3 (full 1):
 PSYoungGen      total 27648K, used 0K [0x00000000e1800000, 0x00000000e3680000, 0x0000000100000000)
  eden space 24064K, 0% used [0x00000000e1800000,0x00000000e1800000,0x00000000e2f80000)
  from space 3584K, 0% used [0x00000000e3300000,0x00000000e3300000,0x00000000e3680000)
  to   space 3584K, 0% used [0x00000000e2f80000,0x00000000e2f80000,0x00000000e3300000)
 ParOldGen       total 37888K, used 8208K [0x00000000a4800000, 0x00000000a6d00000, 0x00000000e1800000)
  object space 37888K, 21% used [0x00000000a4800000,0x00000000a5004120,0x00000000a6d00000)
 Metaspace       used 20923K, capacity 21110K, committed 21248K, reserved 1069056K
  class space    used 2377K, capacity 2447K, committed 2560K, reserved 1048576K
}
Event: 160.064 GC heap before
{Heap before GC invocations=4 (full 1):
 PSYoungGen      total 27648K, used 24064K [0x00000000e1800000, 0x00000000e3680000, 0x0000000100000000)
  eden space 24064K, 100% used [0x00000000e1800000,0x00000000e2f80000,0x00000000e2f80000)
  from space 3584K, 0% used [0x00000000e3300000,0x00000000e3300000,0x00000000e3680000)
  to   space 3584K, 0% used [0x00000000e2f80000,0x00000000e2f80000,0x00000000e3300000)
 ParOldGen       total 37888K, used 8208K [0x00000000a4800000, 0x00000000a6d00000, 0x00000000e1800000)
  object space 37888K, 21% used [0x00000000a4800000,0x00000000a5004120,0x00000000a6d00000)
 Metaspace       used 22076K, capacity 22326K, committed 22528K, reserved 1069056K
  class space    used 2444K, capacity 2511K, committed 2560K, reserved 1048576K
Event: 160.069 GC heap after
Heap after GC invocations=4 (full 1):
 PSYoungGen      total 27648K, used 928K [0x00000000e1800000, 0x00000000e3680000, 0x0000000100000000)
  eden space 24064K, 0% used [0x00000000e1800000,0x00000000e1800000,0x00000000e2f80000)
  from space 3584K, 25% used [0x00000000e2f80000,0x00000000e3068000,0x00000000e3300000)
  to   space 3584K, 0% used [0x00000000e3300000,0x00000000e3300000,0x00000000e3680000)
 ParOldGen       total 37888K, used 8216K [0x00000000a4800000, 0x00000000a6d00000, 0x00000000e1800000)
  object space 37888K, 21% used [0x00000000a4800000,0x00000000a5006120,0x00000000a6d00000)
 Metaspace       used 22076K, capacity 22326K, committed 22528K, reserved 1069056K
  class space    used 2444K, capacity 2511K, committed 2560K, reserved 1048576K
}

