# JRE version: Java(TM) SE Runtime Environment (8.0_181-b13) (build 1.8.0_181-b13)
# Java VM: Java HotSpot(TM) 64-Bit Server VM (25.181-b13 mixed mode windows-amd64 compressed oops)
Heap:
 PSYoungGen      total 27648K, used 23322K [0x00000000e1800000, 0x00000000e3680000, 0x0000000100000000)
  eden space 24064K, 82% used [0x00000000e1800000,0x00000000e2b47ee8,0x00000000e2f80000)
  from space 3584K, 99% used [0x00000000e3300000,0x00000000e367ec30,0x00000000e3680000)
  to   space 3584K, 0% used [0x00000000e2f80000,0x00000000e2f80000,0x00000000e3300000)
 ParOldGen       total 35840K, used 10573K [0x00000000a4800000, 0x00000000a6b00000, 0x00000000e1800000)
  object space 35840K, 29% used [0x00000000a4800000,0x00000000a52537d0,0x00000000a6b00000)
 Metaspace       used 30725K, capacity 31094K, committed 31232K, reserved 1077248K
  class space    used 3453K, capacity 3564K, committed 3584K, reserved 1048576K
GC Heap History (10 events):
Event: 1.570 GC heap before
{Heap before GC invocations=1 (full 0):
 PSYoungGen      total 27648K, used 24059K [0x00000000e1800000, 0x00000000e3680000, 0x0000000100000000)
  eden space 24064K, 99% used [0x00000000e1800000,0x00000000e2f7eeb8,0x00000000e2f80000)
  from space 3584K, 0% used [0x00000000e3300000,0x00000000e3300000,0x00000000e3680000)
  to   space 3584K, 0% used [0x00000000e2f80000,0x00000000e2f80000,0x00000000e3300000)
 ParOldGen       total 62976K, used 0K [0x00000000a4800000, 0x00000000a8580000, 0x00000000e1800000)
  object space 62976K, 0% used [0x00000000a4800000,0x00000000a4800000,0x00000000a8580000)
 Metaspace       used 13687K, capacity 13864K, committed 14080K, reserved 1060864K
  class space    used 1624K, capacity 1706K, committed 1792K, reserved 1048576K
Event: 1.578 GC heap after
Heap after GC invocations=1 (full 0):
 PSYoungGen      total 27648K, used 3570K [0x00000000e1800000, 0x00000000e3680000, 0x0000000100000000)
  eden space 24064K, 0% used [0x00000000e1800000,0x00000000e1800000,0x00000000e2f80000)
  from space 3584K, 99% used [0x00000000e2f80000,0x00000000e32fca00,0x00000000e3300000)
  to   space 3584K, 0% used [0x00000000e3300000,0x00000000e3300000,0x00000000e3680000)
 ParOldGen       total 62976K, used 1282K [0x00000000a4800000, 0x00000000a8580000, 0x00000000e1800000)
  object space 62976K, 2% used [0x00000000a4800000,0x00000000a4940990,0x00000000a8580000)
 Metaspace       used 13687K, capacity 13864K, committed 14080K, reserved 1060864K
  class space    used 1624K, capacity 1706K, committed 1792K, reserved 1048576K
}
Event: 9.674 GC heap before
{Heap before GC invocations=2 (full 0):
 PSYoungGen      total 27648K, used 21423K [0x00000000e1800000, 0x00000000e3680000, 0x0000000100000000)
  eden space 24064K, 74% used [0x00000000e1800000,0x00000000e296f4e8,0x00000000e2f80000)
  from space 3584K, 99% used [0x00000000e2f80000,0x00000000e32fca00,0x00000000e3300000)
  to   space 3584K, 0% used [0x00000000e3300000,0x00000000e3300000,0x00000000e3680000)
 ParOldGen       total 62976K, used 1282K [0x00000000a4800000, 0x00000000a8580000, 0x00000000e1800000)
  object space 62976K, 2% used [0x00000000a4800000,0x00000000a4940990,0x00000000a8580000)
 Metaspace       used 20909K, capacity 21096K, committed 21248K, reserved 1069056K
  class space    used 2142K, capacity 2218K, committed 2304K, reserved 1048576K
Event: 9.684 GC heap after
Heap after GC invocations=2 (full 0):
 PSYoungGen      total 27648K, used 3577K [0x00000000e1800000, 0x00000000e3680000, 0x0000000100000000)
  eden space 24064K, 0% used [0x00000000e1800000,0x00000000e1800000,0x00000000e2f80000)
  from space 3584K, 99% used [0x00000000e3300000,0x00000000e367e430,0x00000000e3680000)
  to   space 3584K, 0% used [0x00000000e2f80000,0x00000000e2f80000,0x00000000e3300000)
 ParOldGen       total 62976K, used 4719K [0x00000000a4800000, 0x00000000a8580000, 0x00000000e1800000)
  object space 62976K, 7% used [0x00000000a4800000,0x00000000a4c9bd28,0x00000000a8580000)
 Metaspace       used 20909K, capacity 21096K, committed 21248K, reserved 1069056K
  class space    used 2142K, capacity 2218K, committed 2304K, reserved 1048576K
}
Event: 9.684 GC heap before
{Heap before GC invocations=3 (full 1):
 PSYoungGen      total 27648K, used 3577K [0x00000000e1800000, 0x00000000e3680000, 0x0000000100000000)
  eden space 24064K, 0% used [0x00000000e1800000,0x00000000e1800000,0x00000000e2f80000)
  from space 3584K, 99% used [0x00000000e3300000,0x00000000e367e430,0x00000000e3680000)
  to   space 3584K, 0% used [0x00000000e2f80000,0x00000000e2f80000,0x00000000e3300000)
 ParOldGen       total 62976K, used 4719K [0x00000000a4800000, 0x00000000a8580000, 0x00000000e1800000)
  object space 62976K, 7% used [0x00000000a4800000,0x00000000a4c9bd28,0x00000000a8580000)
 Metaspace       used 20909K, capacity 21096K, committed 21248K, reserved 1069056K
  class space    used 2142K, capacity 2218K, committed 2304K, reserved 1048576K
Event: 9.718 GC heap after
Heap after GC invocations=3 (full 1):
 PSYoungGen      total 27648K, used 0K [0x00000000e1800000, 0x00000000e3680000, 0x0000000100000000)
  eden space 24064K, 0% used [0x00000000e1800000,0x00000000e1800000,0x00000000e2f80000)
  from space 3584K, 0% used [0x00000000e3300000,0x00000000e3300000,0x00000000e3680000)
  to   space 3584K, 0% used [0x00000000e2f80000,0x00000000e2f80000,0x00000000e3300000)
 ParOldGen       total 35840K, used 7539K [0x00000000a4800000, 0x00000000a6b00000, 0x00000000e1800000)
  object space 35840K, 21% used [0x00000000a4800000,0x00000000a4f5cee0,0x00000000a6b00000)
 Metaspace       used 20909K, capacity 21096K, committed 21248K, reserved 1069056K
  class space    used 2142K, capacity 2218K, committed 2304K, reserved 1048576K
}
Event: 13.902 GC heap before
{Heap before GC invocations=4 (full 1):
 PSYoungGen      total 27648K, used 24064K [0x00000000e1800000, 0x00000000e3680000, 0x0000000100000000)
  eden space 24064K, 100% used [0x00000000e1800000,0x00000000e2f80000,0x00000000e2f80000)
  from space 3584K, 0% used [0x00000000e3300000,0x00000000e3300000,0x00000000e3680000)
  to   space 3584K, 0% used [0x00000000e2f80000,0x00000000e2f80000,0x00000000e3300000)
 ParOldGen       total 35840K, used 7539K [0x00000000a4800000, 0x00000000a6b00000, 0x00000000e1800000)
  object space 35840K, 21% used [0x00000000a4800000,0x00000000a4f5cee0,0x00000000a6b00000)
 Metaspace       used 25472K, capacity 25862K, committed 25984K, reserved 1073152K
  class space    used 2756K, capacity 2851K, committed 2944K, reserved 1048576K
Event: 13.907 GC heap after
Heap after GC invocations=4 (full 1):
 PSYoungGen      total 27648K, used 3568K [0x00000000e1800000, 0x00000000e3680000, 0x0000000100000000)
  eden space 24064K, 0% used [0x00000000e1800000,0x00000000e1800000,0x00000000e2f80000)
  from space 3584K, 99% used [0x00000000e2f80000,0x00000000e32fc1a0,0x00000000e3300000)
  to   space 3584K, 0% used [0x00000000e3300000,0x00000000e3300000,0x00000000e3680000)
 ParOldGen       total 35840K, used 8526K [0x00000000a4800000, 0x00000000a6b00000, 0x00000000e1800000)
  object space 35840K, 23% used [0x00000000a4800000,0x00000000a5053bb8,0x00000000a6b00000)
 Metaspace       used 25472K, capacity 25862K, committed 25984K, reserved 1073152K
  class space    used 2756K, capacity 2851K, committed 2944K, reserved 1048576K
}
Event: 14.725 GC heap before
{Heap before GC invocations=5 (full 1):
 PSYoungGen      total 27648K, used 27632K [0x00000000e1800000, 0x00000000e3680000, 0x0000000100000000)
  eden space 24064K, 100% used [0x00000000e1800000,0x00000000e2f80000,0x00000000e2f80000)
  from space 3584K, 99% used [0x00000000e2f80000,0x00000000e32fc1a0,0x00000000e3300000)
  to   space 3584K, 0% used [0x00000000e3300000,0x00000000e3300000,0x00000000e3680000)
 ParOldGen       total 35840K, used 8526K [0x00000000a4800000, 0x00000000a6b00000, 0x00000000e1800000)
  object space 35840K, 23% used [0x00000000a4800000,0x00000000a5053bb8,0x00000000a6b00000)
 Metaspace       used 28260K, capacity 28644K, committed 28928K, reserved 1075200K
  class space    used 3128K, capacity 3241K, committed 3328K, reserved 1048576K
Event: 14.732 GC heap after
Heap after GC invocations=5 (full 1):
 PSYoungGen      total 27648K, used 3579K [0x00000000e1800000, 0x00000000e3680000, 0x0000000100000000)
  eden space 24064K, 0% used [0x00000000e1800000,0x00000000e1800000,0x00000000e2f80000)
  from space 3584K, 99% used [0x00000000e3300000,0x00000000e367ec30,0x00000000e3680000)
  to   space 3584K, 0% used [0x00000000e2f80000,0x00000000e2f80000,0x00000000e3300000)
 ParOldGen       total 35840K, used 10573K [0x00000000a4800000, 0x00000000a6b00000, 0x00000000e1800000)
  object space 35840K, 29% used [0x00000000a4800000,0x00000000a52537d0,0x00000000a6b00000)
 Metaspace       used 28260K, capacity 28644K, committed 28928K, reserved 1075200K
  class space    used 3128K, capacity 3241K, committed 3328K, reserved 1048576K
}

