# JRE version: Java(TM) SE Runtime Environment (8.0_181-b13) (build 1.8.0_181-b13)
# Java VM: Java HotSpot(TM) 64-Bit Server VM (25.181-b13 mixed mode windows-amd64 compressed oops)
Heap:
 PSYoungGen      total 27648K, used 12334K [0x00000000e1800000, 0x00000000e3680000, 0x0000000100000000)
  eden space 24064K, 47% used [0x00000000e1800000,0x00000000e2313908,0x00000000e2f80000)
  from space 3584K, 27% used [0x00000000e2f80000,0x00000000e3078000,0x00000000e3300000)
  to   space 3584K, 0% used [0x00000000e3300000,0x00000000e3300000,0x00000000e3680000)
 ParOldGen       total 37888K, used 8199K [0x00000000a4800000, 0x00000000a6d00000, 0x00000000e1800000)
  object space 37888K, 21% used [0x00000000a4800000,0x00000000a5001d88,0x00000000a6d00000)
 Metaspace       used 22177K, capacity 22486K, committed 22528K, reserved 1069056K
  class space    used 2449K, capacity 2543K, committed 2560K, reserved 1048576K
GC Heap History (8 events):
Event: 2.393 GC heap before
{Heap before GC invocations=1 (full 0):
 PSYoungGen      total 27648K, used 24005K [0x00000000e1800000, 0x00000000e3680000, 0x0000000100000000)
  eden space 24064K, 99% used [0x00000000e1800000,0x00000000e2f71760,0x00000000e2f80000)
  from space 3584K, 0% used [0x00000000e3300000,0x00000000e3300000,0x00000000e3680000)
  to   space 3584K, 0% used [0x00000000e2f80000,0x00000000e2f80000,0x00000000e3300000)
 ParOldGen       total 62976K, used 0K [0x00000000a4800000, 0x00000000a8580000, 0x00000000e1800000)
  object space 62976K, 0% used [0x00000000a4800000,0x00000000a4800000,0x00000000a8580000)
 Metaspace       used 19134K, capacity 19370K, committed 19584K, reserved 1067008K
  class space    used 2245K, capacity 2315K, committed 2432K, reserved 1048576K
Event: 2.403 GC heap after
Heap after GC invocations=1 (full 0):
 PSYoungGen      total 27648K, used 3559K [0x00000000e1800000, 0x00000000e3680000, 0x0000000100000000)
  eden space 24064K, 0% used [0x00000000e1800000,0x00000000e1800000,0x00000000e2f80000)
  from space 3584K, 99% used [0x00000000e2f80000,0x00000000e32f9c30,0x00000000e3300000)
  to   space 3584K, 0% used [0x00000000e3300000,0x00000000e3300000,0x00000000e3680000)
 ParOldGen       total 62976K, used 4391K [0x00000000a4800000, 0x00000000a8580000, 0x00000000e1800000)
  object space 62976K, 6% used [0x00000000a4800000,0x00000000a4c49f28,0x00000000a8580000)
 Metaspace       used 19134K, capacity 19370K, committed 19584K, reserved 1067008K
  class space    used 2245K, capacity 2315K, committed 2432K, reserved 1048576K
}
Event: 12.658 GC heap before
{Heap before GC invocations=2 (full 0):
 PSYoungGen      total 27648K, used 7661K [0x00000000e1800000, 0x00000000e3680000, 0x0000000100000000)
  eden space 24064K, 17% used [0x00000000e1800000,0x00000000e1c01a28,0x00000000e2f80000)
  from space 3584K, 99% used [0x00000000e2f80000,0x00000000e32f9c30,0x00000000e3300000)
  to   space 3584K, 0% used [0x00000000e3300000,0x00000000e3300000,0x00000000e3680000)
 ParOldGen       total 62976K, used 4391K [0x00000000a4800000, 0x00000000a8580000, 0x00000000e1800000)
  object space 62976K, 6% used [0x00000000a4800000,0x00000000a4c49f28,0x00000000a8580000)
 Metaspace       used 20924K, capacity 21142K, committed 21248K, reserved 1069056K
  class space    used 2380K, capacity 2479K, committed 2560K, reserved 1048576K
Event: 12.663 GC heap after
Heap after GC invocations=2 (full 0):
 PSYoungGen      total 27648K, used 3560K [0x00000000e1800000, 0x00000000e3680000, 0x0000000100000000)
  eden space 24064K, 0% used [0x00000000e1800000,0x00000000e1800000,0x00000000e2f80000)
  from space 3584K, 99% used [0x00000000e3300000,0x00000000e367a020,0x00000000e3680000)
  to   space 3584K, 0% used [0x00000000e2f80000,0x00000000e2f80000,0x00000000e3300000)
 ParOldGen       total 62976K, used 5083K [0x00000000a4800000, 0x00000000a8580000, 0x00000000e1800000)
  object space 62976K, 8% used [0x00000000a4800000,0x00000000a4cf6ef0,0x00000000a8580000)
 Metaspace       used 20924K, capacity 21142K, committed 21248K, reserved 1069056K
  class space    used 2380K, capacity 2479K, committed 2560K, reserved 1048576K
}
Event: 12.663 GC heap before
{Heap before GC invocations=3 (full 1):
 PSYoungGen      total 27648K, used 3560K [0x00000000e1800000, 0x00000000e3680000, 0x0000000100000000)
  eden space 24064K, 0% used [0x00000000e1800000,0x00000000e1800000,0x00000000e2f80000)
  from space 3584K, 99% used [0x00000000e3300000,0x00000000e367a020,0x00000000e3680000)
  to   space 3584K, 0% used [0x00000000e2f80000,0x00000000e2f80000,0x00000000e3300000)
 ParOldGen       total 62976K, used 5083K [0x00000000a4800000, 0x00000000a8580000, 0x00000000e1800000)
  object space 62976K, 8% used [0x00000000a4800000,0x00000000a4cf6ef0,0x00000000a8580000)
 Metaspace       used 20924K, capacity 21142K, committed 21248K, reserved 1069056K
  class space    used 2380K, capacity 2479K, committed 2560K, reserved 1048576K
Event: 12.725 GC heap after
Heap after GC invocations=3 (full 1):
 PSYoungGen      total 27648K, used 0K [0x00000000e1800000, 0x00000000e3680000, 0x0000000100000000)
  eden space 24064K, 0% used [0x00000000e1800000,0x00000000e1800000,0x00000000e2f80000)
  from space 3584K, 0% used [0x00000000e3300000,0x00000000e3300000,0x00000000e3680000)
  to   space 3584K, 0% used [0x00000000e2f80000,0x00000000e2f80000,0x00000000e3300000)
 ParOldGen       total 37888K, used 8199K [0x00000000a4800000, 0x00000000a6d00000, 0x00000000e1800000)
  object space 37888K, 21% used [0x00000000a4800000,0x00000000a5001d88,0x00000000a6d00000)
 Metaspace       used 20924K, capacity 21142K, committed 21248K, reserved 1069056K
  class space    used 2380K, capacity 2479K, committed 2560K, reserved 1048576K
}
Event: 352.036 GC heap before
{Heap before GC invocations=4 (full 1):
 PSYoungGen      total 27648K, used 24064K [0x00000000e1800000, 0x00000000e3680000, 0x0000000100000000)
  eden space 24064K, 100% used [0x00000000e1800000,0x00000000e2f80000,0x00000000e2f80000)
  from space 3584K, 0% used [0x00000000e3300000,0x00000000e3300000,0x00000000e3680000)
  to   space 3584K, 0% used [0x00000000e2f80000,0x00000000e2f80000,0x00000000e3300000)
 ParOldGen       total 37888K, used 8199K [0x00000000a4800000, 0x00000000a6d00000, 0x00000000e1800000)
  object space 37888K, 21% used [0x00000000a4800000,0x00000000a5001d88,0x00000000a6d00000)
 Metaspace       used 22082K, capacity 22326K, committed 22528K, reserved 1069056K
  class space    used 2443K, capacity 2511K, committed 2560K, reserved 1048576K
Event: 352.042 GC heap after
Heap after GC invocations=4 (full 1):
 PSYoungGen      total 27648K, used 992K [0x00000000e1800000, 0x00000000e3680000, 0x0000000100000000)
  eden space 24064K, 0% used [0x00000000e1800000,0x00000000e1800000,0x00000000e2f80000)
  from space 3584K, 27% used [0x00000000e2f80000,0x00000000e3078000,0x00000000e3300000)
  to   space 3584K, 0% used [0x00000000e3300000,0x00000000e3300000,0x00000000e3680000)
 ParOldGen       total 37888K, used 8199K [0x00000000a4800000, 0x00000000a6d00000, 0x00000000e1800000)
  object space 37888K, 21% used [0x00000000a4800000,0x00000000a5001d88,0x00000000a6d00000)
 Metaspace       used 22082K, capacity 22326K, committed 22528K, reserved 1069056K
  class space    used 2443K, capacity 2511K, committed 2560K, reserved 1048576K
}

