# JRE version: Java(TM) SE Runtime Environment (8.0_181-b13) (build 1.8.0_181-b13)
# Java VM: Java HotSpot(TM) 64-Bit Server VM (25.181-b13 mixed mode windows-amd64 compressed oops)
Heap:
 PSYoungGen      total 34304K, used 29190K [0x00000000e1800000, 0x00000000e3e80000, 0x0000000100000000)
  eden space 30720K, 83% used [0x00000000e1800000,0x00000000e3102e18,0x00000000e3600000)
  from space 3584K, 99% used [0x00000000e3980000,0x00000000e3cfec30,0x00000000e3d00000)
  to   space 3584K, 0% used [0x00000000e3600000,0x00000000e3600000,0x00000000e3980000)
 ParOldGen       total 52736K, used 11027K [0x00000000a4800000, 0x00000000a7b80000, 0x00000000e1800000)
  object space 52736K, 20% used [0x00000000a4800000,0x00000000a52c4d18,0x00000000a7b80000)
 Metaspace       used 30996K, capacity 31380K, committed 31488K, reserved 1077248K
  class space    used 3456K, capacity 3569K, committed 3584K, reserved 1048576K
GC Heap History (10 events):
Event: 1.569 GC heap before
{Heap before GC invocations=1 (full 0):
 PSYoungGen      total 27648K, used 24059K [0x00000000e1800000, 0x00000000e3680000, 0x0000000100000000)
  eden space 24064K, 99% used [0x00000000e1800000,0x00000000e2f7ee88,0x00000000e2f80000)
  from space 3584K, 0% used [0x00000000e3300000,0x00000000e3300000,0x00000000e3680000)
  to   space 3584K, 0% used [0x00000000e2f80000,0x00000000e2f80000,0x00000000e3300000)
 ParOldGen       total 62976K, used 0K [0x00000000a4800000, 0x00000000a8580000, 0x00000000e1800000)
  object space 62976K, 0% used [0x00000000a4800000,0x00000000a4800000,0x00000000a8580000)
 Metaspace       used 13681K, capacity 13864K, committed 14080K, reserved 1060864K
  class space    used 1624K, capacity 1706K, committed 1792K, reserved 1048576K
Event: 1.577 GC heap after
Heap after GC invocations=1 (full 0):
 PSYoungGen      total 27648K, used 3571K [0x00000000e1800000, 0x00000000e3680000, 0x0000000100000000)
  eden space 24064K, 0% used [0x00000000e1800000,0x00000000e1800000,0x00000000e2f80000)
  from space 3584K, 99% used [0x00000000e2f80000,0x00000000e32fcff8,0x00000000e3300000)
  to   space 3584K, 0% used [0x00000000e3300000,0x00000000e3300000,0x00000000e3680000)
 ParOldGen       total 62976K, used 1283K [0x00000000a4800000, 0x00000000a8580000, 0x00000000e1800000)
  object space 62976K, 2% used [0x00000000a4800000,0x00000000a4940c08,0x00000000a8580000)
 Metaspace       used 13681K, capacity 13864K, committed 14080K, reserved 1060864K
  class space    used 1624K, capacity 1706K, committed 1792K, reserved 1048576K
}
Event: 3.721 GC heap before
{Heap before GC invocations=2 (full 0):
 PSYoungGen      total 27648K, used 21670K [0x00000000e1800000, 0x00000000e3680000, 0x0000000100000000)
  eden space 24064K, 75% used [0x00000000e1800000,0x00000000e29ac818,0x00000000e2f80000)
  from space 3584K, 99% used [0x00000000e2f80000,0x00000000e32fcff8,0x00000000e3300000)
  to   space 3584K, 0% used [0x00000000e3300000,0x00000000e3300000,0x00000000e3680000)
 ParOldGen       total 62976K, used 1283K [0x00000000a4800000, 0x00000000a8580000, 0x00000000e1800000)
  object space 62976K, 2% used [0x00000000a4800000,0x00000000a4940c08,0x00000000a8580000)
 Metaspace       used 20973K, capacity 21096K, committed 21248K, reserved 1069056K
  class space    used 2148K, capacity 2218K, committed 2304K, reserved 1048576K
Event: 3.739 GC heap after
Heap after GC invocations=2 (full 0):
 PSYoungGen      total 27648K, used 3582K [0x00000000e1800000, 0x00000000e3680000, 0x0000000100000000)
  eden space 24064K, 0% used [0x00000000e1800000,0x00000000e1800000,0x00000000e2f80000)
  from space 3584K, 99% used [0x00000000e3300000,0x00000000e367fb48,0x00000000e3680000)
  to   space 3584K, 0% used [0x00000000e2f80000,0x00000000e2f80000,0x00000000e3300000)
 ParOldGen       total 62976K, used 4883K [0x00000000a4800000, 0x00000000a8580000, 0x00000000e1800000)
  object space 62976K, 7% used [0x00000000a4800000,0x00000000a4cc4c50,0x00000000a8580000)
 Metaspace       used 20973K, capacity 21096K, committed 21248K, reserved 1069056K
  class space    used 2148K, capacity 2218K, committed 2304K, reserved 1048576K
}
Event: 3.739 GC heap before
{Heap before GC invocations=3 (full 1):
 PSYoungGen      total 27648K, used 3582K [0x00000000e1800000, 0x00000000e3680000, 0x0000000100000000)
  eden space 24064K, 0% used [0x00000000e1800000,0x00000000e1800000,0x00000000e2f80000)
  from space 3584K, 99% used [0x00000000e3300000,0x00000000e367fb48,0x00000000e3680000)
  to   space 3584K, 0% used [0x00000000e2f80000,0x00000000e2f80000,0x00000000e3300000)
 ParOldGen       total 62976K, used 4883K [0x00000000a4800000, 0x00000000a8580000, 0x00000000e1800000)
  object space 62976K, 7% used [0x00000000a4800000,0x00000000a4cc4c50,0x00000000a8580000)
 Metaspace       used 20973K, capacity 21096K, committed 21248K, reserved 1069056K
  class space    used 2148K, capacity 2218K, committed 2304K, reserved 1048576K
Event: 3.791 GC heap after
Heap after GC invocations=3 (full 1):
 PSYoungGen      total 27648K, used 0K [0x00000000e1800000, 0x00000000e3680000, 0x0000000100000000)
  eden space 24064K, 0% used [0x00000000e1800000,0x00000000e1800000,0x00000000e2f80000)
  from space 3584K, 0% used [0x00000000e3300000,0x00000000e3300000,0x00000000e3680000)
  to   space 3584K, 0% used [0x00000000e2f80000,0x00000000e2f80000,0x00000000e3300000)
 ParOldGen       total 52736K, used 7679K [0x00000000a4800000, 0x00000000a7b80000, 0x00000000e1800000)
  object space 52736K, 14% used [0x00000000a4800000,0x00000000a4f7ff98,0x00000000a7b80000)
 Metaspace       used 20973K, capacity 21096K, committed 21248K, reserved 1069056K
  class space    used 2148K, capacity 2218K, committed 2304K, reserved 1048576K
}
Event: 6.520 GC heap before
{Heap before GC invocations=4 (full 1):
 PSYoungGen      total 27648K, used 24064K [0x00000000e1800000, 0x00000000e3680000, 0x0000000100000000)
  eden space 24064K, 100% used [0x00000000e1800000,0x00000000e2f80000,0x00000000e2f80000)
  from space 3584K, 0% used [0x00000000e3300000,0x00000000e3300000,0x00000000e3680000)
  to   space 3584K, 0% used [0x00000000e2f80000,0x00000000e2f80000,0x00000000e3300000)
 ParOldGen       total 52736K, used 7679K [0x00000000a4800000, 0x00000000a7b80000, 0x00000000e1800000)
  object space 52736K, 14% used [0x00000000a4800000,0x00000000a4f7ff98,0x00000000a7b80000)
 Metaspace       used 25404K, capacity 25740K, committed 25984K, reserved 1073152K
  class space    used 2743K, capacity 2852K, committed 2944K, reserved 1048576K
Event: 6.525 GC heap after
Heap after GC invocations=4 (full 1):
 PSYoungGen      total 27648K, used 3569K [0x00000000e1800000, 0x00000000e3d00000, 0x0000000100000000)
  eden space 24064K, 0% used [0x00000000e1800000,0x00000000e1800000,0x00000000e2f80000)
  from space 3584K, 99% used [0x00000000e2f80000,0x00000000e32fc428,0x00000000e3300000)
  to   space 3584K, 0% used [0x00000000e3980000,0x00000000e3980000,0x00000000e3d00000)
 ParOldGen       total 52736K, used 8734K [0x00000000a4800000, 0x00000000a7b80000, 0x00000000e1800000)
  object space 52736K, 16% used [0x00000000a4800000,0x00000000a5087b20,0x00000000a7b80000)
 Metaspace       used 25404K, capacity 25740K, committed 25984K, reserved 1073152K
  class space    used 2743K, capacity 2852K, committed 2944K, reserved 1048576K
}
Event: 7.213 GC heap before
{Heap before GC invocations=5 (full 1):
 PSYoungGen      total 27648K, used 27633K [0x00000000e1800000, 0x00000000e3d00000, 0x0000000100000000)
  eden space 24064K, 100% used [0x00000000e1800000,0x00000000e2f80000,0x00000000e2f80000)
  from space 3584K, 99% used [0x00000000e2f80000,0x00000000e32fc428,0x00000000e3300000)
  to   space 3584K, 0% used [0x00000000e3980000,0x00000000e3980000,0x00000000e3d00000)
 ParOldGen       total 52736K, used 8734K [0x00000000a4800000, 0x00000000a7b80000, 0x00000000e1800000)
  object space 52736K, 16% used [0x00000000a4800000,0x00000000a5087b20,0x00000000a7b80000)
 Metaspace       used 28220K, capacity 28586K, committed 28672K, reserved 1075200K
  class space    used 3125K, capacity 3242K, committed 3328K, reserved 1048576K
Event: 7.221 GC heap after
Heap after GC invocations=5 (full 1):
 PSYoungGen      total 34304K, used 3579K [0x00000000e1800000, 0x00000000e3e80000, 0x0000000100000000)
  eden space 30720K, 0% used [0x00000000e1800000,0x00000000e1800000,0x00000000e3600000)
  from space 3584K, 99% used [0x00000000e3980000,0x00000000e3cfec30,0x00000000e3d00000)
  to   space 3584K, 0% used [0x00000000e3600000,0x00000000e3600000,0x00000000e3980000)
 ParOldGen       total 52736K, used 11027K [0x00000000a4800000, 0x00000000a7b80000, 0x00000000e1800000)
  object space 52736K, 20% used [0x00000000a4800000,0x00000000a52c4d18,0x00000000a7b80000)
 Metaspace       used 28220K, capacity 28586K, committed 28672K, reserved 1075200K
  class space    used 3125K, capacity 3242K, committed 3328K, reserved 1048576K
}

