# JRE version: Java(TM) SE Runtime Environment (8.0_181-b13) (build 1.8.0_181-b13)
# Java VM: Java HotSpot(TM) 64-Bit Server VM (25.181-b13 mixed mode windows-amd64 compressed oops)
Heap:
 PSYoungGen      total 55296K, used 42565K [0x00000000e1800000, 0x00000000e5a00000, 0x0000000100000000)
  eden space 47104K, 90% used [0x00000000e1800000,0x00000000e4191420,0x00000000e4600000)
  from space 8192K, 0% used [0x00000000e4f00000,0x00000000e4f00000,0x00000000e5700000)
  to   space 9216K, 0% used [0x00000000e4600000,0x00000000e4600000,0x00000000e4f00000)
 ParOldGen       total 73728K, used 14320K [0x00000000a4800000, 0x00000000a9000000, 0x00000000e1800000)
  object space 73728K, 19% used [0x00000000a4800000,0x00000000a55fc068,0x00000000a9000000)
 Metaspace       used 36892K, capacity 37416K, committed 37632K, reserved 1083392K
  class space    used 3939K, capacity 4080K, committed 4096K, reserved 1048576K
GC Heap History (10 events):
Event: 22.334 GC heap before
{Heap before GC invocations=4 (full 1):
 PSYoungGen      total 27648K, used 24064K [0x00000000e1800000, 0x00000000e3680000, 0x0000000100000000)
  eden space 24064K, 100% used [0x00000000e1800000,0x00000000e2f80000,0x00000000e2f80000)
  from space 3584K, 0% used [0x00000000e3300000,0x00000000e3300000,0x00000000e3680000)
  to   space 3584K, 0% used [0x00000000e2f80000,0x00000000e2f80000,0x00000000e3300000)
 ParOldGen       total 52736K, used 7678K [0x00000000a4800000, 0x00000000a7b80000, 0x00000000e1800000)
  object space 52736K, 14% used [0x00000000a4800000,0x00000000a4f7fb40,0x00000000a7b80000)
 Metaspace       used 25728K, capacity 26026K, committed 26240K, reserved 1073152K
  class space    used 2736K, capacity 2849K, committed 2944K, reserved 1048576K
Event: 22.340 GC heap after
Heap after GC invocations=4 (full 1):
 PSYoungGen      total 27648K, used 3560K [0x00000000e1800000, 0x00000000e3d00000, 0x0000000100000000)
  eden space 24064K, 0% used [0x00000000e1800000,0x00000000e1800000,0x00000000e2f80000)
  from space 3584K, 99% used [0x00000000e2f80000,0x00000000e32fa100,0x00000000e3300000)
  to   space 3584K, 0% used [0x00000000e3980000,0x00000000e3980000,0x00000000e3d00000)
 ParOldGen       total 52736K, used 9212K [0x00000000a4800000, 0x00000000a7b80000, 0x00000000e1800000)
  object space 52736K, 17% used [0x00000000a4800000,0x00000000a50ff358,0x00000000a7b80000)
 Metaspace       used 25728K, capacity 26026K, committed 26240K, reserved 1073152K
  class space    used 2736K, capacity 2849K, committed 2944K, reserved 1048576K
}
Event: 22.999 GC heap before
{Heap before GC invocations=5 (full 1):
 PSYoungGen      total 27648K, used 27624K [0x00000000e1800000, 0x00000000e3d00000, 0x0000000100000000)
  eden space 24064K, 100% used [0x00000000e1800000,0x00000000e2f80000,0x00000000e2f80000)
  from space 3584K, 99% used [0x00000000e2f80000,0x00000000e32fa100,0x00000000e3300000)
  to   space 3584K, 0% used [0x00000000e3980000,0x00000000e3980000,0x00000000e3d00000)
 ParOldGen       total 52736K, used 9212K [0x00000000a4800000, 0x00000000a7b80000, 0x00000000e1800000)
  object space 52736K, 17% used [0x00000000a4800000,0x00000000a50ff358,0x00000000a7b80000)
 Metaspace       used 28769K, capacity 29170K, committed 29440K, reserved 1075200K
  class space    used 3143K, capacity 3251K, committed 3328K, reserved 1048576K
Event: 23.007 GC heap after
Heap after GC invocations=5 (full 1):
 PSYoungGen      total 34304K, used 3577K [0x00000000e1800000, 0x00000000e3f80000, 0x0000000100000000)
  eden space 30720K, 0% used [0x00000000e1800000,0x00000000e1800000,0x00000000e3600000)
  from space 3584K, 99% used [0x00000000e3980000,0x00000000e3cfe688,0x00000000e3d00000)
  to   space 3584K, 0% used [0x00000000e3600000,0x00000000e3600000,0x00000000e3980000)
 ParOldGen       total 52736K, used 12138K [0x00000000a4800000, 0x00000000a7b80000, 0x00000000e1800000)
  object space 52736K, 23% used [0x00000000a4800000,0x00000000a53da9c0,0x00000000a7b80000)
 Metaspace       used 28769K, capacity 29170K, committed 29440K, reserved 1075200K
  class space    used 3143K, capacity 3251K, committed 3328K, reserved 1048576K
}
Event: 23.574 GC heap before
{Heap before GC invocations=6 (full 1):
 PSYoungGen      total 34304K, used 34297K [0x00000000e1800000, 0x00000000e3f80000, 0x0000000100000000)
  eden space 30720K, 100% used [0x00000000e1800000,0x00000000e3600000,0x00000000e3600000)
  from space 3584K, 99% used [0x00000000e3980000,0x00000000e3cfe688,0x00000000e3d00000)
  to   space 3584K, 0% used [0x00000000e3600000,0x00000000e3600000,0x00000000e3980000)
 ParOldGen       total 52736K, used 12138K [0x00000000a4800000, 0x00000000a7b80000, 0x00000000e1800000)
  object space 52736K, 23% used [0x00000000a4800000,0x00000000a53da9c0,0x00000000a7b80000)
 Metaspace       used 32385K, capacity 32792K, committed 33152K, reserved 1079296K
  class space    used 3501K, capacity 3605K, committed 3712K, reserved 1048576K
Event: 23.591 GC heap after
Heap after GC invocations=6 (full 1):
 PSYoungGen      total 34304K, used 3552K [0x00000000e1800000, 0x00000000e5700000, 0x0000000100000000)
  eden space 30720K, 0% used [0x00000000e1800000,0x00000000e1800000,0x00000000e3600000)
  from space 3584K, 99% used [0x00000000e3600000,0x00000000e3978060,0x00000000e3980000)
  to   space 8192K, 0% used [0x00000000e4f00000,0x00000000e4f00000,0x00000000e5700000)
 ParOldGen       total 52736K, used 15385K [0x00000000a4800000, 0x00000000a7b80000, 0x00000000e1800000)
  object space 52736K, 29% used [0x00000000a4800000,0x00000000a5706498,0x00000000a7b80000)
 Metaspace       used 32385K, capacity 32792K, committed 33152K, reserved 1079296K
  class space    used 3501K, capacity 3605K, committed 3712K, reserved 1048576K
}
Event: 24.213 GC heap before
{Heap before GC invocations=7 (full 1):
 PSYoungGen      total 34304K, used 27741K [0x00000000e1800000, 0x00000000e5700000, 0x0000000100000000)
  eden space 30720K, 78% used [0x00000000e1800000,0x00000000e2f9f478,0x00000000e3600000)
  from space 3584K, 99% used [0x00000000e3600000,0x00000000e3978060,0x00000000e3980000)
  to   space 8192K, 0% used [0x00000000e4f00000,0x00000000e4f00000,0x00000000e5700000)
 ParOldGen       total 52736K, used 15385K [0x00000000a4800000, 0x00000000a7b80000, 0x00000000e1800000)
  object space 52736K, 29% used [0x00000000a4800000,0x00000000a5706498,0x00000000a7b80000)
 Metaspace       used 34855K, capacity 35256K, committed 35416K, reserved 1081344K
  class space    used 3803K, capacity 3914K, committed 3968K, reserved 1048576K
Event: 24.225 GC heap after
Heap after GC invocations=7 (full 1):
 PSYoungGen      total 55296K, used 8174K [0x00000000e1800000, 0x00000000e5a00000, 0x0000000100000000)
  eden space 47104K, 0% used [0x00000000e1800000,0x00000000e1800000,0x00000000e4600000)
  from space 8192K, 99% used [0x00000000e4f00000,0x00000000e56fbb40,0x00000000e5700000)
  to   space 9216K, 0% used [0x00000000e4600000,0x00000000e4600000,0x00000000e4f00000)
 ParOldGen       total 52736K, used 16089K [0x00000000a4800000, 0x00000000a7b80000, 0x00000000e1800000)
  object space 52736K, 30% used [0x00000000a4800000,0x00000000a57b6688,0x00000000a7b80000)
 Metaspace       used 34855K, capacity 35256K, committed 35416K, reserved 1081344K
  class space    used 3803K, capacity 3914K, committed 3968K, reserved 1048576K
}
Event: 24.225 GC heap before
{Heap before GC invocations=8 (full 2):
 PSYoungGen      total 55296K, used 8174K [0x00000000e1800000, 0x00000000e5a00000, 0x0000000100000000)
  eden space 47104K, 0% used [0x00000000e1800000,0x00000000e1800000,0x00000000e4600000)
  from space 8192K, 99% used [0x00000000e4f00000,0x00000000e56fbb40,0x00000000e5700000)
  to   space 9216K, 0% used [0x00000000e4600000,0x00000000e4600000,0x00000000e4f00000)
 ParOldGen       total 52736K, used 16089K [0x00000000a4800000, 0x00000000a7b80000, 0x00000000e1800000)
  object space 52736K, 30% used [0x00000000a4800000,0x00000000a57b6688,0x00000000a7b80000)
 Metaspace       used 34855K, capacity 35256K, committed 35416K, reserved 1081344K
  class space    used 3803K, capacity 3914K, committed 3968K, reserved 1048576K
Event: 24.316 GC heap after
Heap after GC invocations=8 (full 2):
 PSYoungGen      total 55296K, used 0K [0x00000000e1800000, 0x00000000e5a00000, 0x0000000100000000)
  eden space 47104K, 0% used [0x00000000e1800000,0x00000000e1800000,0x00000000e4600000)
  from space 8192K, 0% used [0x00000000e4f00000,0x00000000e4f00000,0x00000000e5700000)
  to   space 9216K, 0% used [0x00000000e4600000,0x00000000e4600000,0x00000000e4f00000)
 ParOldGen       total 73728K, used 14320K [0x00000000a4800000, 0x00000000a9000000, 0x00000000e1800000)
  object space 73728K, 19% used [0x00000000a4800000,0x00000000a55fc068,0x00000000a9000000)
 Metaspace       used 34855K, capacity 35256K, committed 35416K, reserved 1081344K
  class space    used 3803K, capacity 3914K, committed 3968K, reserved 1048576K
}

