# JRE version: Java(TM) SE Runtime Environment (8.0_181-b13) (build 1.8.0_181-b13)
# Java VM: Java HotSpot(TM) 64-Bit Server VM (25.181-b13 mixed mode windows-amd64 compressed oops)
Heap:
 PSYoungGen      total 27648K, used 6239K [0x00000000e1800000, 0x00000000e4e00000, 0x0000000100000000)
  eden space 24064K, 25% used [0x00000000e1800000,0x00000000e1e17e20,0x00000000e2f80000)
  from space 3584K, 0% used [0x00000000e3300000,0x00000000e3300000,0x00000000e3680000)
  to   space 3584K, 0% used [0x00000000e2f80000,0x00000000e2f80000,0x00000000e3300000)
 ParOldGen       total 40448K, used 7147K [0x00000000a4800000, 0x00000000a6f80000, 0x00000000e1800000)
  object space 40448K, 17% used [0x00000000a4800000,0x00000000a4efaff0,0x00000000a6f80000)
 Metaspace       used 22407K, capacity 22658K, committed 22912K, reserved 1069056K
  class space    used 2500K, capacity 2579K, committed 2688K, reserved 1048576K
GC Heap History (6 events):
Event: 5.131 GC heap before
{Heap before GC invocations=1 (full 0):
 PSYoungGen      total 27648K, used 24064K [0x00000000e1800000, 0x00000000e3680000, 0x0000000100000000)
  eden space 24064K, 100% used [0x00000000e1800000,0x00000000e2f80000,0x00000000e2f80000)
  from space 3584K, 0% used [0x00000000e3300000,0x00000000e3300000,0x00000000e3680000)
  to   space 3584K, 0% used [0x00000000e2f80000,0x00000000e2f80000,0x00000000e3300000)
 ParOldGen       total 62976K, used 0K [0x00000000a4800000, 0x00000000a8580000, 0x00000000e1800000)
  object space 62976K, 0% used [0x00000000a4800000,0x00000000a4800000,0x00000000a8580000)
 Metaspace       used 15528K, capacity 15774K, committed 16000K, reserved 1062912K
  class space    used 2035K, capacity 2099K, committed 2176K, reserved 1048576K
Event: 5.142 GC heap after
Heap after GC invocations=1 (full 0):
 PSYoungGen      total 27648K, used 3560K [0x00000000e1800000, 0x00000000e3680000, 0x0000000100000000)
  eden space 24064K, 0% used [0x00000000e1800000,0x00000000e1800000,0x00000000e2f80000)
  from space 3584K, 99% used [0x00000000e2f80000,0x00000000e32fa240,0x00000000e3300000)
  to   space 3584K, 0% used [0x00000000e3300000,0x00000000e3300000,0x00000000e3680000)
 ParOldGen       total 62976K, used 1976K [0x00000000a4800000, 0x00000000a8580000, 0x00000000e1800000)
  object space 62976K, 3% used [0x00000000a4800000,0x00000000a49ee010,0x00000000a8580000)
 Metaspace       used 15528K, capacity 15774K, committed 16000K, reserved 1062912K
  class space    used 2035K, capacity 2099K, committed 2176K, reserved 1048576K
}
Event: 6.043 GC heap before
{Heap before GC invocations=2 (full 0):
 PSYoungGen      total 27648K, used 16376K [0x00000000e1800000, 0x00000000e3680000, 0x0000000100000000)
  eden space 24064K, 53% used [0x00000000e1800000,0x00000000e2483e28,0x00000000e2f80000)
  from space 3584K, 99% used [0x00000000e2f80000,0x00000000e32fa240,0x00000000e3300000)
  to   space 3584K, 0% used [0x00000000e3300000,0x00000000e3300000,0x00000000e3680000)
 ParOldGen       total 62976K, used 1976K [0x00000000a4800000, 0x00000000a8580000, 0x00000000e1800000)
  object space 62976K, 3% used [0x00000000a4800000,0x00000000a49ee010,0x00000000a8580000)
 Metaspace       used 20827K, capacity 21054K, committed 21248K, reserved 1069056K
  class space    used 2369K, capacity 2451K, committed 2560K, reserved 1048576K
Event: 6.104 GC heap after
Heap after GC invocations=2 (full 0):
 PSYoungGen      total 27648K, used 3552K [0x00000000e1800000, 0x00000000e4e00000, 0x0000000100000000)
  eden space 24064K, 0% used [0x00000000e1800000,0x00000000e1800000,0x00000000e2f80000)
  from space 3584K, 99% used [0x00000000e3300000,0x00000000e3678388,0x00000000e3680000)
  to   space 3584K, 0% used [0x00000000e2f80000,0x00000000e2f80000,0x00000000e3300000)
 ParOldGen       total 62976K, used 4247K [0x00000000a4800000, 0x00000000a8580000, 0x00000000e1800000)
  object space 62976K, 6% used [0x00000000a4800000,0x00000000a4c25c88,0x00000000a8580000)
 Metaspace       used 20827K, capacity 21054K, committed 21248K, reserved 1069056K
  class space    used 2369K, capacity 2451K, committed 2560K, reserved 1048576K
}
Event: 6.104 GC heap before
{Heap before GC invocations=3 (full 1):
 PSYoungGen      total 27648K, used 3552K [0x00000000e1800000, 0x00000000e4e00000, 0x0000000100000000)
  eden space 24064K, 0% used [0x00000000e1800000,0x00000000e1800000,0x00000000e2f80000)
  from space 3584K, 99% used [0x00000000e3300000,0x00000000e3678388,0x00000000e3680000)
  to   space 3584K, 0% used [0x00000000e2f80000,0x00000000e2f80000,0x00000000e3300000)
 ParOldGen       total 62976K, used 4247K [0x00000000a4800000, 0x00000000a8580000, 0x00000000e1800000)
  object space 62976K, 6% used [0x00000000a4800000,0x00000000a4c25c88,0x00000000a8580000)
 Metaspace       used 20827K, capacity 21054K, committed 21248K, reserved 1069056K
  class space    used 2369K, capacity 2451K, committed 2560K, reserved 1048576K
Event: 6.180 GC heap after
Heap after GC invocations=3 (full 1):
 PSYoungGen      total 27648K, used 0K [0x00000000e1800000, 0x00000000e4e00000, 0x0000000100000000)
  eden space 24064K, 0% used [0x00000000e1800000,0x00000000e1800000,0x00000000e2f80000)
  from space 3584K, 0% used [0x00000000e3300000,0x00000000e3300000,0x00000000e3680000)
  to   space 3584K, 0% used [0x00000000e2f80000,0x00000000e2f80000,0x00000000e3300000)
 ParOldGen       total 40448K, used 7147K [0x00000000a4800000, 0x00000000a6f80000, 0x00000000e1800000)
  object space 40448K, 17% used [0x00000000a4800000,0x00000000a4efaff0,0x00000000a6f80000)
 Metaspace       used 20827K, capacity 21054K, committed 21248K, reserved 1069056K
  class space    used 2369K, capacity 2451K, committed 2560K, reserved 1048576K
}

