# JRE version: Java(TM) SE Runtime Environment (8.0_181-b13) (build 1.8.0_181-b13)
# Java VM: Java HotSpot(TM) 64-Bit Server VM (25.181-b13 mixed mode windows-amd64 compressed oops)
Heap:
 PSYoungGen      total 31232K, used 1893K [0x00000000e1800000, 0x00000000e3b00000, 0x0000000100000000)
  eden space 28672K, 3% used [0x00000000e1800000,0x00000000e18e15d8,0x00000000e3400000)
  from space 2560K, 38% used [0x00000000e3880000,0x00000000e3978000,0x00000000e3b00000)
  to   space 3584K, 0% used [0x00000000e3400000,0x00000000e3400000,0x00000000e3780000)
 ParOldGen       total 51200K, used 7580K [0x00000000a4800000, 0x00000000a7a00000, 0x00000000e1800000)
  object space 51200K, 14% used [0x00000000a4800000,0x00000000a4f670a8,0x00000000a7a00000)
 Metaspace       used 23501K, capacity 23774K, committed 23936K, reserved 1071104K
  class space    used 2516K, capacity 2607K, committed 2688K, reserved 1048576K
GC Heap History (10 events):
Event: 2.032 GC heap before
{Heap before GC invocations=1 (full 0):
 PSYoungGen      total 27648K, used 24000K [0x00000000e1800000, 0x00000000e3680000, 0x0000000100000000)
  eden space 24064K, 99% used [0x00000000e1800000,0x00000000e2f70158,0x00000000e2f80000)
  from space 3584K, 0% used [0x00000000e3300000,0x00000000e3300000,0x00000000e3680000)
  to   space 3584K, 0% used [0x00000000e2f80000,0x00000000e2f80000,0x00000000e3300000)
 ParOldGen       total 62976K, used 0K [0x00000000a4800000, 0x00000000a8580000, 0x00000000e1800000)
  object space 62976K, 0% used [0x00000000a4800000,0x00000000a4800000,0x00000000a8580000)
 Metaspace       used 15586K, capacity 15858K, committed 16000K, reserved 1062912K
  class space    used 2045K, capacity 2127K, committed 2176K, reserved 1048576K
Event: 2.041 GC heap after
Heap after GC invocations=1 (full 0):
 PSYoungGen      total 27648K, used 3571K [0x00000000e1800000, 0x00000000e3680000, 0x0000000100000000)
  eden space 24064K, 0% used [0x00000000e1800000,0x00000000e1800000,0x00000000e2f80000)
  from space 3584K, 99% used [0x00000000e2f80000,0x00000000e32fcfc0,0x00000000e3300000)
  to   space 3584K, 0% used [0x00000000e3300000,0x00000000e3300000,0x00000000e3680000)
 ParOldGen       total 62976K, used 2296K [0x00000000a4800000, 0x00000000a8580000, 0x00000000e1800000)
  object space 62976K, 3% used [0x00000000a4800000,0x00000000a4a3e018,0x00000000a8580000)
 Metaspace       used 15586K, capacity 15858K, committed 16000K, reserved 1062912K
  class space    used 2045K, capacity 2127K, committed 2176K, reserved 1048576K
}
Event: 3.029 GC heap before
{Heap before GC invocations=2 (full 0):
 PSYoungGen      total 27648K, used 14905K [0x00000000e1800000, 0x00000000e3680000, 0x0000000100000000)
  eden space 24064K, 47% used [0x00000000e1800000,0x00000000e23114a8,0x00000000e2f80000)
  from space 3584K, 99% used [0x00000000e2f80000,0x00000000e32fcfc0,0x00000000e3300000)
  to   space 3584K, 0% used [0x00000000e3300000,0x00000000e3300000,0x00000000e3680000)
 ParOldGen       total 62976K, used 2296K [0x00000000a4800000, 0x00000000a8580000, 0x00000000e1800000)
  object space 62976K, 3% used [0x00000000a4800000,0x00000000a4a3e018,0x00000000a8580000)
 Metaspace       used 20931K, capacity 21106K, committed 21248K, reserved 1069056K
  class space    used 2386K, capacity 2447K, committed 2560K, reserved 1048576K
Event: 3.036 GC heap after
Heap after GC invocations=2 (full 0):
 PSYoungGen      total 27648K, used 3581K [0x00000000e1800000, 0x00000000e3680000, 0x0000000100000000)
  eden space 24064K, 0% used [0x00000000e1800000,0x00000000e1800000,0x00000000e2f80000)
  from space 3584K, 99% used [0x00000000e3300000,0x00000000e367f4e8,0x00000000e3680000)
  to   space 3584K, 0% used [0x00000000e2f80000,0x00000000e2f80000,0x00000000e3300000)
 ParOldGen       total 62976K, used 4134K [0x00000000a4800000, 0x00000000a8580000, 0x00000000e1800000)
  object space 62976K, 6% used [0x00000000a4800000,0x00000000a4c09ac0,0x00000000a8580000)
 Metaspace       used 20931K, capacity 21106K, committed 21248K, reserved 1069056K
  class space    used 2386K, capacity 2447K, committed 2560K, reserved 1048576K
}
Event: 3.037 GC heap before
{Heap before GC invocations=3 (full 1):
 PSYoungGen      total 27648K, used 3581K [0x00000000e1800000, 0x00000000e3680000, 0x0000000100000000)
  eden space 24064K, 0% used [0x00000000e1800000,0x00000000e1800000,0x00000000e2f80000)
  from space 3584K, 99% used [0x00000000e3300000,0x00000000e367f4e8,0x00000000e3680000)
  to   space 3584K, 0% used [0x00000000e2f80000,0x00000000e2f80000,0x00000000e3300000)
 ParOldGen       total 62976K, used 4134K [0x00000000a4800000, 0x00000000a8580000, 0x00000000e1800000)
  object space 62976K, 6% used [0x00000000a4800000,0x00000000a4c09ac0,0x00000000a8580000)
 Metaspace       used 20931K, capacity 21106K, committed 21248K, reserved 1069056K
  class space    used 2386K, capacity 2447K, committed 2560K, reserved 1048576K
Event: 3.078 GC heap after
Heap after GC invocations=3 (full 1):
 PSYoungGen      total 27648K, used 0K [0x00000000e1800000, 0x00000000e3680000, 0x0000000100000000)
  eden space 24064K, 0% used [0x00000000e1800000,0x00000000e1800000,0x00000000e2f80000)
  from space 3584K, 0% used [0x00000000e3300000,0x00000000e3300000,0x00000000e3680000)
  to   space 3584K, 0% used [0x00000000e2f80000,0x00000000e2f80000,0x00000000e3300000)
 ParOldGen       total 51200K, used 7564K [0x00000000a4800000, 0x00000000a7a00000, 0x00000000e1800000)
  object space 51200K, 14% used [0x00000000a4800000,0x00000000a4f630a8,0x00000000a7a00000)
 Metaspace       used 20931K, capacity 21106K, committed 21248K, reserved 1069056K
  class space    used 2386K, capacity 2447K, committed 2560K, reserved 1048576K
}
Event: 27.218 GC heap before
{Heap before GC invocations=4 (full 1):
 PSYoungGen      total 27648K, used 24064K [0x00000000e1800000, 0x00000000e3680000, 0x0000000100000000)
  eden space 24064K, 100% used [0x00000000e1800000,0x00000000e2f80000,0x00000000e2f80000)
  from space 3584K, 0% used [0x00000000e3300000,0x00000000e3300000,0x00000000e3680000)
  to   space 3584K, 0% used [0x00000000e2f80000,0x00000000e2f80000,0x00000000e3300000)
 ParOldGen       total 51200K, used 7564K [0x00000000a4800000, 0x00000000a7a00000, 0x00000000e1800000)
  object space 51200K, 14% used [0x00000000a4800000,0x00000000a4f630a8,0x00000000a7a00000)
 Metaspace       used 23270K, capacity 23574K, committed 23680K, reserved 1071104K
  class space    used 2510K, capacity 2607K, committed 2688K, reserved 1048576K
Event: 27.220 GC heap after
Heap after GC invocations=4 (full 1):
 PSYoungGen      total 27648K, used 1610K [0x00000000e1800000, 0x00000000e3c00000, 0x0000000100000000)
  eden space 24064K, 0% used [0x00000000e1800000,0x00000000e1800000,0x00000000e2f80000)
  from space 3584K, 44% used [0x00000000e2f80000,0x00000000e3112960,0x00000000e3300000)
  to   space 3584K, 0% used [0x00000000e3880000,0x00000000e3880000,0x00000000e3c00000)
 ParOldGen       total 51200K, used 7572K [0x00000000a4800000, 0x00000000a7a00000, 0x00000000e1800000)
  object space 51200K, 14% used [0x00000000a4800000,0x00000000a4f650a8,0x00000000a7a00000)
 Metaspace       used 23270K, capacity 23574K, committed 23680K, reserved 1071104K
  class space    used 2510K, capacity 2607K, committed 2688K, reserved 1048576K
}
Event: 57.290 GC heap before
{Heap before GC invocations=5 (full 1):
 PSYoungGen      total 27648K, used 25674K [0x00000000e1800000, 0x00000000e3c00000, 0x0000000100000000)
  eden space 24064K, 100% used [0x00000000e1800000,0x00000000e2f80000,0x00000000e2f80000)
  from space 3584K, 44% used [0x00000000e2f80000,0x00000000e3112960,0x00000000e3300000)
  to   space 3584K, 0% used [0x00000000e3880000,0x00000000e3880000,0x00000000e3c00000)
 ParOldGen       total 51200K, used 7572K [0x00000000a4800000, 0x00000000a7a00000, 0x00000000e1800000)
  object space 51200K, 14% used [0x00000000a4800000,0x00000000a4f650a8,0x00000000a7a00000)
 Metaspace       used 23497K, capacity 23774K, committed 23936K, reserved 1071104K
  class space    used 2516K, capacity 2607K, committed 2688K, reserved 1048576K
Event: 57.293 GC heap after
Heap after GC invocations=5 (full 1):
 PSYoungGen      total 31232K, used 992K [0x00000000e1800000, 0x00000000e3b00000, 0x0000000100000000)
  eden space 28672K, 0% used [0x00000000e1800000,0x00000000e1800000,0x00000000e3400000)
  from space 2560K, 38% used [0x00000000e3880000,0x00000000e3978000,0x00000000e3b00000)
  to   space 3584K, 0% used [0x00000000e3400000,0x00000000e3400000,0x00000000e3780000)
 ParOldGen       total 51200K, used 7580K [0x00000000a4800000, 0x00000000a7a00000, 0x00000000e1800000)
  object space 51200K, 14% used [0x00000000a4800000,0x00000000a4f670a8,0x00000000a7a00000)
 Metaspace       used 23497K, capacity 23774K, committed 23936K, reserved 1071104K
  class space    used 2516K, capacity 2607K, committed 2688K, reserved 1048576K
}

