# JRE version: Java(TM) SE Runtime Environment (8.0_181-b13) (build 1.8.0_181-b13)
# Java VM: Java HotSpot(TM) 64-Bit Server VM (25.181-b13 mixed mode windows-amd64 compressed oops)
Heap:
 PSYoungGen      total 30720K, used 15645K [0x00000000e1800000, 0x00000000e4b80000, 0x0000000100000000)
  eden space 23552K, 38% used [0x00000000e1800000,0x00000000e20bdc00,0x00000000e2f00000)
  from space 7168K, 93% used [0x00000000e4480000,0x00000000e4b09af8,0x00000000e4b80000)
  to   space 7680K, 0% used [0x00000000e3c80000,0x00000000e3c80000,0x00000000e4400000)
 ParOldGen       total 35840K, used 14371K [0x00000000a4800000, 0x00000000a6b00000, 0x00000000e1800000)
  object space 35840K, 40% used [0x00000000a4800000,0x00000000a5608fa8,0x00000000a6b00000)
 Metaspace       used 32765K, capacity 33228K, committed 33536K, reserved 1079296K
  class space    used 3603K, capacity 3715K, committed 3840K, reserved 1048576K
GC Heap History (10 events):
Event: 7.095 GC heap before
{Heap before GC invocations=3 (full 1):
 PSYoungGen      total 27648K, used 3571K [0x00000000e1800000, 0x00000000e3680000, 0x0000000100000000)
  eden space 24064K, 0% used [0x00000000e1800000,0x00000000e1800000,0x00000000e2f80000)
  from space 3584K, 99% used [0x00000000e3300000,0x00000000e367cdf0,0x00000000e3680000)
  to   space 3584K, 0% used [0x00000000e2f80000,0x00000000e2f80000,0x00000000e3300000)
 ParOldGen       total 62976K, used 4759K [0x00000000a4800000, 0x00000000a8580000, 0x00000000e1800000)
  object space 62976K, 7% used [0x00000000a4800000,0x00000000a4ca5d60,0x00000000a8580000)
 Metaspace       used 20943K, capacity 21096K, committed 21248K, reserved 1069056K
  class space    used 2147K, capacity 2218K, committed 2304K, reserved 1048576K
Event: 7.130 GC heap after
Heap after GC invocations=3 (full 1):
 PSYoungGen      total 27648K, used 0K [0x00000000e1800000, 0x00000000e3680000, 0x0000000100000000)
  eden space 24064K, 0% used [0x00000000e1800000,0x00000000e1800000,0x00000000e2f80000)
  from space 3584K, 0% used [0x00000000e3300000,0x00000000e3300000,0x00000000e3680000)
  to   space 3584K, 0% used [0x00000000e2f80000,0x00000000e2f80000,0x00000000e3300000)
 ParOldGen       total 35840K, used 7556K [0x00000000a4800000, 0x00000000a6b00000, 0x00000000e1800000)
  object space 35840K, 21% used [0x00000000a4800000,0x00000000a4f61320,0x00000000a6b00000)
 Metaspace       used 20943K, capacity 21096K, committed 21248K, reserved 1069056K
  class space    used 2147K, capacity 2218K, committed 2304K, reserved 1048576K
}
Event: 16.331 GC heap before
{Heap before GC invocations=4 (full 1):
 PSYoungGen      total 27648K, used 24064K [0x00000000e1800000, 0x00000000e3680000, 0x0000000100000000)
  eden space 24064K, 100% used [0x00000000e1800000,0x00000000e2f80000,0x00000000e2f80000)
  from space 3584K, 0% used [0x00000000e3300000,0x00000000e3300000,0x00000000e3680000)
  to   space 3584K, 0% used [0x00000000e2f80000,0x00000000e2f80000,0x00000000e3300000)
 ParOldGen       total 35840K, used 7556K [0x00000000a4800000, 0x00000000a6b00000, 0x00000000e1800000)
  object space 35840K, 21% used [0x00000000a4800000,0x00000000a4f61320,0x00000000a6b00000)
 Metaspace       used 25553K, capacity 25836K, committed 26112K, reserved 1073152K
  class space    used 2703K, capacity 2788K, committed 2816K, reserved 1048576K
Event: 16.347 GC heap after
Heap after GC invocations=4 (full 1):
 PSYoungGen      total 27648K, used 3561K [0x00000000e1800000, 0x00000000e3680000, 0x0000000100000000)
  eden space 24064K, 0% used [0x00000000e1800000,0x00000000e1800000,0x00000000e2f80000)
  from space 3584K, 99% used [0x00000000e2f80000,0x00000000e32fa6c0,0x00000000e3300000)
  to   space 3584K, 0% used [0x00000000e3300000,0x00000000e3300000,0x00000000e3680000)
 ParOldGen       total 35840K, used 9215K [0x00000000a4800000, 0x00000000a6b00000, 0x00000000e1800000)
  object space 35840K, 25% used [0x00000000a4800000,0x00000000a50ffca8,0x00000000a6b00000)
 Metaspace       used 25553K, capacity 25836K, committed 26112K, reserved 1073152K
  class space    used 2703K, capacity 2788K, committed 2816K, reserved 1048576K
}
Event: 17.130 GC heap before
{Heap before GC invocations=5 (full 1):
 PSYoungGen      total 27648K, used 27625K [0x00000000e1800000, 0x00000000e3680000, 0x0000000100000000)
  eden space 24064K, 100% used [0x00000000e1800000,0x00000000e2f80000,0x00000000e2f80000)
  from space 3584K, 99% used [0x00000000e2f80000,0x00000000e32fa6c0,0x00000000e3300000)
  to   space 3584K, 0% used [0x00000000e3300000,0x00000000e3300000,0x00000000e3680000)
 ParOldGen       total 35840K, used 9215K [0x00000000a4800000, 0x00000000a6b00000, 0x00000000e1800000)
  object space 35840K, 25% used [0x00000000a4800000,0x00000000a50ffca8,0x00000000a6b00000)
 Metaspace       used 28364K, capacity 28758K, committed 29056K, reserved 1075200K
  class space    used 3073K, capacity 3185K, committed 3200K, reserved 1048576K
Event: 17.136 GC heap after
Heap after GC invocations=5 (full 1):
 PSYoungGen      total 27648K, used 3552K [0x00000000e1800000, 0x00000000e3680000, 0x0000000100000000)
  eden space 24064K, 0% used [0x00000000e1800000,0x00000000e1800000,0x00000000e2f80000)
  from space 3584K, 99% used [0x00000000e3300000,0x00000000e36780d0,0x00000000e3680000)
  to   space 3584K, 0% used [0x00000000e2f80000,0x00000000e2f80000,0x00000000e3300000)
 ParOldGen       total 35840K, used 12056K [0x00000000a4800000, 0x00000000a6b00000, 0x00000000e1800000)
  object space 35840K, 33% used [0x00000000a4800000,0x00000000a53c6028,0x00000000a6b00000)
 Metaspace       used 28364K, capacity 28758K, committed 29056K, reserved 1075200K
  class space    used 3073K, capacity 3185K, committed 3200K, reserved 1048576K
}
Event: 17.639 GC heap before
{Heap before GC invocations=6 (full 1):
 PSYoungGen      total 27648K, used 25774K [0x00000000e1800000, 0x00000000e3680000, 0x0000000100000000)
  eden space 24064K, 92% used [0x00000000e1800000,0x00000000e2db3910,0x00000000e2f80000)
  from space 3584K, 99% used [0x00000000e3300000,0x00000000e36780d0,0x00000000e3680000)
  to   space 3584K, 0% used [0x00000000e2f80000,0x00000000e2f80000,0x00000000e3300000)
 ParOldGen       total 35840K, used 12056K [0x00000000a4800000, 0x00000000a6b00000, 0x00000000e1800000)
  object space 35840K, 33% used [0x00000000a4800000,0x00000000a53c6028,0x00000000a6b00000)
 Metaspace       used 31369K, capacity 31754K, committed 32128K, reserved 1077248K
  class space    used 3503K, capacity 3604K, committed 3712K, reserved 1048576K
Event: 17.647 GC heap after
Heap after GC invocations=6 (full 1):
 PSYoungGen      total 27648K, used 3568K [0x00000000e1800000, 0x00000000e4b80000, 0x0000000100000000)
  eden space 24064K, 0% used [0x00000000e1800000,0x00000000e1800000,0x00000000e2f80000)
  from space 3584K, 99% used [0x00000000e2f80000,0x00000000e32fc0e0,0x00000000e3300000)
  to   space 7168K, 0% used [0x00000000e4480000,0x00000000e4480000,0x00000000e4b80000)
 ParOldGen       total 35840K, used 14363K [0x00000000a4800000, 0x00000000a6b00000, 0x00000000e1800000)
  object space 35840K, 40% used [0x00000000a4800000,0x00000000a5606fa8,0x00000000a6b00000)
 Metaspace       used 31369K, capacity 31754K, committed 32128K, reserved 1077248K
  class space    used 3503K, capacity 3604K, committed 3712K, reserved 1048576K
}
Event: 87.268 GC heap before
{Heap before GC invocations=7 (full 1):
 PSYoungGen      total 27648K, used 27243K [0x00000000e1800000, 0x00000000e4b80000, 0x0000000100000000)
  eden space 24064K, 98% used [0x00000000e1800000,0x00000000e2f1edc8,0x00000000e2f80000)
  from space 3584K, 99% used [0x00000000e2f80000,0x00000000e32fc0e0,0x00000000e3300000)
  to   space 7168K, 0% used [0x00000000e4480000,0x00000000e4480000,0x00000000e4b80000)
 ParOldGen       total 35840K, used 14363K [0x00000000a4800000, 0x00000000a6b00000, 0x00000000e1800000)
  object space 35840K, 40% used [0x00000000a4800000,0x00000000a5606fa8,0x00000000a6b00000)
 Metaspace       used 32687K, capacity 33100K, committed 33280K, reserved 1079296K
  class space    used 3599K, capacity 3715K, committed 3840K, reserved 1048576K
Event: 87.282 GC heap after
Heap after GC invocations=7 (full 1):
 PSYoungGen      total 30720K, used 6694K [0x00000000e1800000, 0x00000000e4b80000, 0x0000000100000000)
  eden space 23552K, 0% used [0x00000000e1800000,0x00000000e1800000,0x00000000e2f00000)
  from space 7168K, 93% used [0x00000000e4480000,0x00000000e4b09af8,0x00000000e4b80000)
  to   space 7680K, 0% used [0x00000000e3c80000,0x00000000e3c80000,0x00000000e4400000)
 ParOldGen       total 35840K, used 14371K [0x00000000a4800000, 0x00000000a6b00000, 0x00000000e1800000)
  object space 35840K, 40% used [0x00000000a4800000,0x00000000a5608fa8,0x00000000a6b00000)
 Metaspace       used 32687K, capacity 33100K, committed 33280K, reserved 1079296K
  class space    used 3599K, capacity 3715K, committed 3840K, reserved 1048576K
}

