# JRE version: Java(TM) SE Runtime Environment (8.0_181-b13) (build 1.8.0_181-b13)
# Java VM: Java HotSpot(TM) 64-Bit Server VM (25.181-b13 mixed mode windows-amd64 compressed oops)
Heap:
 PSYoungGen      total 32256K, used 21092K [0x00000000e1800000, 0x00000000e4380000, 0x0000000100000000)
  eden space 22528K, 52% used [0x00000000e1800000,0x00000000e23735a8,0x00000000e2e00000)
  from space 9728K, 96% used [0x00000000e3880000,0x00000000e41a5c98,0x00000000e4200000)
  to   space 10752K, 0% used [0x00000000e2e00000,0x00000000e2e00000,0x00000000e3880000)
 ParOldGen       total 35840K, used 18310K [0x00000000a4800000, 0x00000000a6b00000, 0x00000000e1800000)
  object space 35840K, 51% used [0x00000000a4800000,0x00000000a59e1ad0,0x00000000a6b00000)
 Metaspace       used 33448K, capacity 33884K, committed 34048K, reserved 1079296K
  class space    used 3656K, capacity 3778K, committed 3840K, reserved 1048576K
GC Heap History (10 events):
Event: 11.580 GC heap before
{Heap before GC invocations=3 (full 1):
 PSYoungGen      total 27648K, used 3566K [0x00000000e1800000, 0x00000000e3680000, 0x0000000100000000)
  eden space 24064K, 0% used [0x00000000e1800000,0x00000000e1800000,0x00000000e2f80000)
  from space 3584K, 99% used [0x00000000e3300000,0x00000000e367bb58,0x00000000e3680000)
  to   space 3584K, 0% used [0x00000000e2f80000,0x00000000e2f80000,0x00000000e3300000)
 ParOldGen       total 62976K, used 5006K [0x00000000a4800000, 0x00000000a8580000, 0x00000000e1800000)
  object space 62976K, 7% used [0x00000000a4800000,0x00000000a4ce3950,0x00000000a8580000)
 Metaspace       used 20955K, capacity 21112K, committed 21248K, reserved 1069056K
  class space    used 2145K, capacity 2218K, committed 2304K, reserved 1048576K
Event: 11.615 GC heap after
Heap after GC invocations=3 (full 1):
 PSYoungGen      total 27648K, used 0K [0x00000000e1800000, 0x00000000e3680000, 0x0000000100000000)
  eden space 24064K, 0% used [0x00000000e1800000,0x00000000e1800000,0x00000000e2f80000)
  from space 3584K, 0% used [0x00000000e3300000,0x00000000e3300000,0x00000000e3680000)
  to   space 3584K, 0% used [0x00000000e2f80000,0x00000000e2f80000,0x00000000e3300000)
 ParOldGen       total 35840K, used 7787K [0x00000000a4800000, 0x00000000a6b00000, 0x00000000e1800000)
  object space 35840K, 21% used [0x00000000a4800000,0x00000000a4f9ad58,0x00000000a6b00000)
 Metaspace       used 20955K, capacity 21112K, committed 21248K, reserved 1069056K
  class space    used 2145K, capacity 2218K, committed 2304K, reserved 1048576K
}
Event: 31.703 GC heap before
{Heap before GC invocations=4 (full 1):
 PSYoungGen      total 27648K, used 24064K [0x00000000e1800000, 0x00000000e3680000, 0x0000000100000000)
  eden space 24064K, 100% used [0x00000000e1800000,0x00000000e2f80000,0x00000000e2f80000)
  from space 3584K, 0% used [0x00000000e3300000,0x00000000e3300000,0x00000000e3680000)
  to   space 3584K, 0% used [0x00000000e2f80000,0x00000000e2f80000,0x00000000e3300000)
 ParOldGen       total 35840K, used 7787K [0x00000000a4800000, 0x00000000a6b00000, 0x00000000e1800000)
  object space 35840K, 21% used [0x00000000a4800000,0x00000000a4f9ad58,0x00000000a6b00000)
 Metaspace       used 25527K, capacity 25764K, committed 25856K, reserved 1073152K
  class space    used 2709K, capacity 2782K, committed 2816K, reserved 1048576K
Event: 31.712 GC heap after
Heap after GC invocations=4 (full 1):
 PSYoungGen      total 27648K, used 3560K [0x00000000e1800000, 0x00000000e3680000, 0x0000000100000000)
  eden space 24064K, 0% used [0x00000000e1800000,0x00000000e1800000,0x00000000e2f80000)
  from space 3584K, 99% used [0x00000000e2f80000,0x00000000e32fa110,0x00000000e3300000)
  to   space 3584K, 0% used [0x00000000e3300000,0x00000000e3300000,0x00000000e3680000)
 ParOldGen       total 35840K, used 13423K [0x00000000a4800000, 0x00000000a6b00000, 0x00000000e1800000)
  object space 35840K, 37% used [0x00000000a4800000,0x00000000a551bee0,0x00000000a6b00000)
 Metaspace       used 25527K, capacity 25764K, committed 25856K, reserved 1073152K
  class space    used 2709K, capacity 2782K, committed 2816K, reserved 1048576K
}
Event: 32.108 GC heap before
{Heap before GC invocations=5 (full 1):
 PSYoungGen      total 27648K, used 27624K [0x00000000e1800000, 0x00000000e3680000, 0x0000000100000000)
  eden space 24064K, 100% used [0x00000000e1800000,0x00000000e2f80000,0x00000000e2f80000)
  from space 3584K, 99% used [0x00000000e2f80000,0x00000000e32fa110,0x00000000e3300000)
  to   space 3584K, 0% used [0x00000000e3300000,0x00000000e3300000,0x00000000e3680000)
 ParOldGen       total 35840K, used 13423K [0x00000000a4800000, 0x00000000a6b00000, 0x00000000e1800000)
  object space 35840K, 37% used [0x00000000a4800000,0x00000000a551bee0,0x00000000a6b00000)
 Metaspace       used 28428K, capacity 28816K, committed 29184K, reserved 1075200K
  class space    used 3112K, capacity 3218K, committed 3328K, reserved 1048576K
Event: 32.114 GC heap after
Heap after GC invocations=5 (full 1):
 PSYoungGen      total 27648K, used 3568K [0x00000000e1800000, 0x00000000e3680000, 0x0000000100000000)
  eden space 24064K, 0% used [0x00000000e1800000,0x00000000e1800000,0x00000000e2f80000)
  from space 3584K, 99% used [0x00000000e3300000,0x00000000e367c160,0x00000000e3680000)
  to   space 3584K, 0% used [0x00000000e2f80000,0x00000000e2f80000,0x00000000e3300000)
 ParOldGen       total 35840K, used 15973K [0x00000000a4800000, 0x00000000a6b00000, 0x00000000e1800000)
  object space 35840K, 44% used [0x00000000a4800000,0x00000000a57995c8,0x00000000a6b00000)
 Metaspace       used 28428K, capacity 28816K, committed 29184K, reserved 1075200K
  class space    used 3112K, capacity 3218K, committed 3328K, reserved 1048576K
}
Event: 32.860 GC heap before
{Heap before GC invocations=6 (full 1):
 PSYoungGen      total 27648K, used 27632K [0x00000000e1800000, 0x00000000e3680000, 0x0000000100000000)
  eden space 24064K, 100% used [0x00000000e1800000,0x00000000e2f80000,0x00000000e2f80000)
  from space 3584K, 99% used [0x00000000e3300000,0x00000000e367c160,0x00000000e3680000)
  to   space 3584K, 0% used [0x00000000e2f80000,0x00000000e2f80000,0x00000000e3300000)
 ParOldGen       total 35840K, used 15973K [0x00000000a4800000, 0x00000000a6b00000, 0x00000000e1800000)
  object space 35840K, 44% used [0x00000000a4800000,0x00000000a57995c8,0x00000000a6b00000)
 Metaspace       used 31426K, capacity 31850K, committed 32128K, reserved 1077248K
  class space    used 3487K, capacity 3606K, committed 3712K, reserved 1048576K
Event: 32.868 GC heap after
Heap after GC invocations=6 (full 1):
 PSYoungGen      total 27136K, used 3568K [0x00000000e1800000, 0x00000000e4200000, 0x0000000100000000)
  eden space 23552K, 0% used [0x00000000e1800000,0x00000000e1800000,0x00000000e2f00000)
  from space 3584K, 99% used [0x00000000e2f80000,0x00000000e32fc070,0x00000000e3300000)
  to   space 9728K, 0% used [0x00000000e3880000,0x00000000e3880000,0x00000000e4200000)
 ParOldGen       total 35840K, used 18238K [0x00000000a4800000, 0x00000000a6b00000, 0x00000000e1800000)
  object space 35840K, 50% used [0x00000000a4800000,0x00000000a59cfac0,0x00000000a6b00000)
 Metaspace       used 31426K, capacity 31850K, committed 32128K, reserved 1077248K
  class space    used 3487K, capacity 3606K, committed 3712K, reserved 1048576K
}
Event: 137.379 GC heap before
{Heap before GC invocations=7 (full 1):
 PSYoungGen      total 27136K, used 27120K [0x00000000e1800000, 0x00000000e4200000, 0x0000000100000000)
  eden space 23552K, 100% used [0x00000000e1800000,0x00000000e2f00000,0x00000000e2f00000)
  from space 3584K, 99% used [0x00000000e2f80000,0x00000000e32fc070,0x00000000e3300000)
  to   space 9728K, 0% used [0x00000000e3880000,0x00000000e3880000,0x00000000e4200000)
 ParOldGen       total 35840K, used 18238K [0x00000000a4800000, 0x00000000a6b00000, 0x00000000e1800000)
  object space 35840K, 50% used [0x00000000a4800000,0x00000000a59cfac0,0x00000000a6b00000)
 Metaspace       used 33047K, capacity 33520K, committed 33792K, reserved 1079296K
  class space    used 3639K, capacity 3744K, committed 3840K, reserved 1048576K
Event: 137.391 GC heap after
Heap after GC invocations=7 (full 1):
 PSYoungGen      total 32256K, used 9367K [0x00000000e1800000, 0x00000000e4380000, 0x0000000100000000)
  eden space 22528K, 0% used [0x00000000e1800000,0x00000000e1800000,0x00000000e2e00000)
  from space 9728K, 96% used [0x00000000e3880000,0x00000000e41a5c98,0x00000000e4200000)
  to   space 10752K, 0% used [0x00000000e2e00000,0x00000000e2e00000,0x00000000e3880000)
 ParOldGen       total 35840K, used 18310K [0x00000000a4800000, 0x00000000a6b00000, 0x00000000e1800000)
  object space 35840K, 51% used [0x00000000a4800000,0x00000000a59e1ad0,0x00000000a6b00000)
 Metaspace       used 33047K, capacity 33520K, committed 33792K, reserved 1079296K
  class space    used 3639K, capacity 3744K, committed 3840K, reserved 1048576K
}

