# JRE version: Java(TM) SE Runtime Environment (8.0_181-b13) (build 1.8.0_181-b13)
# Java VM: Java HotSpot(TM) 64-Bit Server VM (25.181-b13 mixed mode windows-amd64 compressed oops)
Heap:
 PSYoungGen      total 31232K, used 12961K [0x00000000e1800000, 0x00000000e4a80000, 0x0000000100000000)
  eden space 23040K, 22% used [0x00000000e1800000,0x00000000e1cf91d0,0x00000000e2e80000)
  from space 8192K, 96% used [0x00000000e3780000,0x00000000e3f2f2d8,0x00000000e3f80000)
  to   space 9216K, 0% used [0x00000000e2e80000,0x00000000e2e80000,0x00000000e3780000)
 ParOldGen       total 54272K, used 13868K [0x00000000a4800000, 0x00000000a7d00000, 0x00000000e1800000)
  object space 54272K, 25% used [0x00000000a4800000,0x00000000a558b0b8,0x00000000a7d00000)
 Metaspace       used 33003K, capacity 33460K, committed 33536K, reserved 1079296K
  class space    used 3661K, capacity 3777K, committed 3840K, reserved 1048576K
GC Heap History (10 events):
Event: 3.168 GC heap before
{Heap before GC invocations=3 (full 1):
 PSYoungGen      total 27648K, used 3566K [0x00000000e1800000, 0x00000000e3680000, 0x0000000100000000)
  eden space 24064K, 0% used [0x00000000e1800000,0x00000000e1800000,0x00000000e2f80000)
  from space 3584K, 99% used [0x00000000e3300000,0x00000000e367bb58,0x00000000e3680000)
  to   space 3584K, 0% used [0x00000000e2f80000,0x00000000e2f80000,0x00000000e3300000)
 ParOldGen       total 62976K, used 4892K [0x00000000a4800000, 0x00000000a8580000, 0x00000000e1800000)
  object space 62976K, 7% used [0x00000000a4800000,0x00000000a4cc7258,0x00000000a8580000)
 Metaspace       used 20962K, capacity 21100K, committed 21248K, reserved 1069056K
  class space    used 2147K, capacity 2218K, committed 2304K, reserved 1048576K
Event: 3.215 GC heap after
Heap after GC invocations=3 (full 1):
 PSYoungGen      total 27648K, used 0K [0x00000000e1800000, 0x00000000e3680000, 0x0000000100000000)
  eden space 24064K, 0% used [0x00000000e1800000,0x00000000e1800000,0x00000000e2f80000)
  from space 3584K, 0% used [0x00000000e3300000,0x00000000e3300000,0x00000000e3680000)
  to   space 3584K, 0% used [0x00000000e2f80000,0x00000000e2f80000,0x00000000e3300000)
 ParOldGen       total 54272K, used 7676K [0x00000000a4800000, 0x00000000a7d00000, 0x00000000e1800000)
  object space 54272K, 14% used [0x00000000a4800000,0x00000000a4f7f378,0x00000000a7d00000)
 Metaspace       used 20962K, capacity 21100K, committed 21248K, reserved 1069056K
  class space    used 2147K, capacity 2218K, committed 2304K, reserved 1048576K
}
Event: 82.222 GC heap before
{Heap before GC invocations=4 (full 1):
 PSYoungGen      total 27648K, used 24064K [0x00000000e1800000, 0x00000000e3680000, 0x0000000100000000)
  eden space 24064K, 100% used [0x00000000e1800000,0x00000000e2f80000,0x00000000e2f80000)
  from space 3584K, 0% used [0x00000000e3300000,0x00000000e3300000,0x00000000e3680000)
  to   space 3584K, 0% used [0x00000000e2f80000,0x00000000e2f80000,0x00000000e3300000)
 ParOldGen       total 54272K, used 7676K [0x00000000a4800000, 0x00000000a7d00000, 0x00000000e1800000)
  object space 54272K, 14% used [0x00000000a4800000,0x00000000a4f7f378,0x00000000a7d00000)
 Metaspace       used 25583K, capacity 25920K, committed 26112K, reserved 1073152K
  class space    used 2719K, capacity 2816K, committed 2816K, reserved 1048576K
Event: 82.227 GC heap after
Heap after GC invocations=4 (full 1):
 PSYoungGen      total 27648K, used 3552K [0x00000000e1800000, 0x00000000e3680000, 0x0000000100000000)
  eden space 24064K, 0% used [0x00000000e1800000,0x00000000e1800000,0x00000000e2f80000)
  from space 3584K, 99% used [0x00000000e2f80000,0x00000000e32f82f8,0x00000000e3300000)
  to   space 3584K, 0% used [0x00000000e3300000,0x00000000e3300000,0x00000000e3680000)
 ParOldGen       total 54272K, used 8127K [0x00000000a4800000, 0x00000000a7d00000, 0x00000000e1800000)
  object space 54272K, 14% used [0x00000000a4800000,0x00000000a4fefdd0,0x00000000a7d00000)
 Metaspace       used 25583K, capacity 25920K, committed 26112K, reserved 1073152K
  class space    used 2719K, capacity 2816K, committed 2816K, reserved 1048576K
}
Event: 129.551 GC heap before
{Heap before GC invocations=5 (full 1):
 PSYoungGen      total 27648K, used 27616K [0x00000000e1800000, 0x00000000e3680000, 0x0000000100000000)
  eden space 24064K, 100% used [0x00000000e1800000,0x00000000e2f80000,0x00000000e2f80000)
  from space 3584K, 99% used [0x00000000e2f80000,0x00000000e32f82f8,0x00000000e3300000)
  to   space 3584K, 0% used [0x00000000e3300000,0x00000000e3300000,0x00000000e3680000)
 ParOldGen       total 54272K, used 8127K [0x00000000a4800000, 0x00000000a7d00000, 0x00000000e1800000)
  object space 54272K, 14% used [0x00000000a4800000,0x00000000a4fefdd0,0x00000000a7d00000)
 Metaspace       used 27306K, capacity 27640K, committed 27904K, reserved 1075200K
  class space    used 2930K, capacity 3046K, committed 3072K, reserved 1048576K
Event: 129.560 GC heap after
Heap after GC invocations=5 (full 1):
 PSYoungGen      total 27648K, used 3580K [0x00000000e1800000, 0x00000000e3680000, 0x0000000100000000)
  eden space 24064K, 0% used [0x00000000e1800000,0x00000000e1800000,0x00000000e2f80000)
  from space 3584K, 99% used [0x00000000e3300000,0x00000000e367f3e0,0x00000000e3680000)
  to   space 3584K, 0% used [0x00000000e2f80000,0x00000000e2f80000,0x00000000e3300000)
 ParOldGen       total 54272K, used 11073K [0x00000000a4800000, 0x00000000a7d00000, 0x00000000e1800000)
  object space 54272K, 20% used [0x00000000a4800000,0x00000000a52d0408,0x00000000a7d00000)
 Metaspace       used 27306K, capacity 27640K, committed 27904K, reserved 1075200K
  class space    used 2930K, capacity 3046K, committed 3072K, reserved 1048576K
}
Event: 130.251 GC heap before
{Heap before GC invocations=6 (full 1):
 PSYoungGen      total 27648K, used 27644K [0x00000000e1800000, 0x00000000e3680000, 0x0000000100000000)
  eden space 24064K, 100% used [0x00000000e1800000,0x00000000e2f80000,0x00000000e2f80000)
  from space 3584K, 99% used [0x00000000e3300000,0x00000000e367f3e0,0x00000000e3680000)
  to   space 3584K, 0% used [0x00000000e2f80000,0x00000000e2f80000,0x00000000e3300000)
 ParOldGen       total 54272K, used 11073K [0x00000000a4800000, 0x00000000a7d00000, 0x00000000e1800000)
  object space 54272K, 20% used [0x00000000a4800000,0x00000000a52d0408,0x00000000a7d00000)
 Metaspace       used 30188K, capacity 30570K, committed 30848K, reserved 1077248K
  class space    used 3302K, capacity 3407K, committed 3456K, reserved 1048576K
Event: 130.260 GC heap after
Heap after GC invocations=6 (full 1):
 PSYoungGen      total 27648K, used 3579K [0x00000000e1800000, 0x00000000e3f80000, 0x0000000100000000)
  eden space 24064K, 0% used [0x00000000e1800000,0x00000000e1800000,0x00000000e2f80000)
  from space 3584K, 99% used [0x00000000e2f80000,0x00000000e32fec30,0x00000000e3300000)
  to   space 8192K, 0% used [0x00000000e3780000,0x00000000e3780000,0x00000000e3f80000)
 ParOldGen       total 54272K, used 13860K [0x00000000a4800000, 0x00000000a7d00000, 0x00000000e1800000)
  object space 54272K, 25% used [0x00000000a4800000,0x00000000a55890b8,0x00000000a7d00000)
 Metaspace       used 30188K, capacity 30570K, committed 30848K, reserved 1077248K
  class space    used 3302K, capacity 3407K, committed 3456K, reserved 1048576K
}
Event: 130.702 GC heap before
{Heap before GC invocations=7 (full 1):
 PSYoungGen      total 27648K, used 27643K [0x00000000e1800000, 0x00000000e3f80000, 0x0000000100000000)
  eden space 24064K, 100% used [0x00000000e1800000,0x00000000e2f80000,0x00000000e2f80000)
  from space 3584K, 99% used [0x00000000e2f80000,0x00000000e32fec30,0x00000000e3300000)
  to   space 8192K, 0% used [0x00000000e3780000,0x00000000e3780000,0x00000000e3f80000)
 ParOldGen       total 54272K, used 13860K [0x00000000a4800000, 0x00000000a7d00000, 0x00000000e1800000)
  object space 54272K, 25% used [0x00000000a4800000,0x00000000a55890b8,0x00000000a7d00000)
 Metaspace       used 32664K, capacity 33082K, committed 33280K, reserved 1079296K
  class space    used 3630K, capacity 3730K, committed 3840K, reserved 1048576K
Event: 130.712 GC heap after
Heap after GC invocations=7 (full 1):
 PSYoungGen      total 31232K, used 7868K [0x00000000e1800000, 0x00000000e4a80000, 0x0000000100000000)
  eden space 23040K, 0% used [0x00000000e1800000,0x00000000e1800000,0x00000000e2e80000)
  from space 8192K, 96% used [0x00000000e3780000,0x00000000e3f2f2d8,0x00000000e3f80000)
  to   space 9216K, 0% used [0x00000000e2e80000,0x00000000e2e80000,0x00000000e3780000)
 ParOldGen       total 54272K, used 13868K [0x00000000a4800000, 0x00000000a7d00000, 0x00000000e1800000)
  object space 54272K, 25% used [0x00000000a4800000,0x00000000a558b0b8,0x00000000a7d00000)
 Metaspace       used 32664K, capacity 33082K, committed 33280K, reserved 1079296K
  class space    used 3630K, capacity 3730K, committed 3840K, reserved 1048576K
}

