# JRE version: Java(TM) SE Runtime Environment (8.0_181-b13) (build 1.8.0_181-b13)
# Java VM: Java HotSpot(TM) 64-Bit Server VM (25.181-b13 mixed mode windows-amd64 compressed oops)
Heap:
 PSYoungGen      total 51712K, used 11625K [0x00000000e1800000, 0x00000000e4e00000, 0x0000000100000000)
  eden space 48128K, 24% used [0x00000000e1800000,0x00000000e235a6f8,0x00000000e4700000)
  from space 3584K, 0% used [0x00000000e4a80000,0x00000000e4a80000,0x00000000e4e00000)
  to   space 3584K, 0% used [0x00000000e4700000,0x00000000e4700000,0x00000000e4a80000)
 ParOldGen       total 47104K, used 9212K [0x00000000a4800000, 0x00000000a7600000, 0x00000000e1800000)
  object space 47104K, 19% used [0x00000000a4800000,0x00000000a50ff230,0x00000000a7600000)
 Metaspace       used 23293K, capacity 23572K, committed 23856K, reserved 1071104K
  class space    used 2450K, capacity 2544K, committed 2608K, reserved 1048576K
GC Heap History (6 events):
Event: 3.800 GC heap before
{Heap before GC invocations=1 (full 0):
 PSYoungGen      total 27648K, used 24064K [0x00000000e1800000, 0x00000000e3680000, 0x0000000100000000)
  eden space 24064K, 100% used [0x00000000e1800000,0x00000000e2f80000,0x00000000e2f80000)
  from space 3584K, 0% used [0x00000000e3300000,0x00000000e3300000,0x00000000e3680000)
  to   space 3584K, 0% used [0x00000000e2f80000,0x00000000e2f80000,0x00000000e3300000)
 ParOldGen       total 62976K, used 0K [0x00000000a4800000, 0x00000000a8580000, 0x00000000e1800000)
  object space 62976K, 0% used [0x00000000a4800000,0x00000000a4800000,0x00000000a8580000)
 Metaspace       used 14288K, capacity 14512K, committed 14720K, reserved 1062912K
  class space    used 1802K, capacity 1872K, committed 1920K, reserved 1048576K
Event: 3.893 GC heap after
Heap after GC invocations=1 (full 0):
 PSYoungGen      total 27648K, used 3558K [0x00000000e1800000, 0x00000000e4e00000, 0x0000000100000000)
  eden space 24064K, 0% used [0x00000000e1800000,0x00000000e1800000,0x00000000e2f80000)
  from space 3584K, 99% used [0x00000000e2f80000,0x00000000e32f99c8,0x00000000e3300000)
  to   space 3584K, 0% used [0x00000000e4a80000,0x00000000e4a80000,0x00000000e4e00000)
 ParOldGen       total 62976K, used 2575K [0x00000000a4800000, 0x00000000a8580000, 0x00000000e1800000)
  object space 62976K, 4% used [0x00000000a4800000,0x00000000a4a83d60,0x00000000a8580000)
 Metaspace       used 14288K, capacity 14512K, committed 14720K, reserved 1062912K
  class space    used 1802K, capacity 1872K, committed 1920K, reserved 1048576K
}
Event: 4.677 GC heap before
{Heap before GC invocations=2 (full 0):
 PSYoungGen      total 27648K, used 20769K [0x00000000e1800000, 0x00000000e4e00000, 0x0000000100000000)
  eden space 24064K, 71% used [0x00000000e1800000,0x00000000e28ced78,0x00000000e2f80000)
  from space 3584K, 99% used [0x00000000e2f80000,0x00000000e32f99c8,0x00000000e3300000)
  to   space 3584K, 0% used [0x00000000e4a80000,0x00000000e4a80000,0x00000000e4e00000)
 ParOldGen       total 62976K, used 2575K [0x00000000a4800000, 0x00000000a8580000, 0x00000000e1800000)
  object space 62976K, 4% used [0x00000000a4800000,0x00000000a4a83d60,0x00000000a8580000)
 Metaspace       used 21013K, capacity 21232K, committed 21296K, reserved 1069056K
  class space    used 2251K, capacity 2320K, committed 2352K, reserved 1048576K
Event: 4.686 GC heap after
Heap after GC invocations=2 (full 0):
 PSYoungGen      total 51712K, used 3558K [0x00000000e1800000, 0x00000000e4e00000, 0x0000000100000000)
  eden space 48128K, 0% used [0x00000000e1800000,0x00000000e1800000,0x00000000e4700000)
  from space 3584K, 99% used [0x00000000e4a80000,0x00000000e4df99c8,0x00000000e4e00000)
  to   space 3584K, 0% used [0x00000000e4700000,0x00000000e4700000,0x00000000e4a80000)
 ParOldGen       total 62976K, used 5961K [0x00000000a4800000, 0x00000000a8580000, 0x00000000e1800000)
  object space 62976K, 9% used [0x00000000a4800000,0x00000000a4dd27c8,0x00000000a8580000)
 Metaspace       used 21013K, capacity 21232K, committed 21296K, reserved 1069056K
  class space    used 2251K, capacity 2320K, committed 2352K, reserved 1048576K
}
Event: 4.686 GC heap before
{Heap before GC invocations=3 (full 1):
 PSYoungGen      total 51712K, used 3558K [0x00000000e1800000, 0x00000000e4e00000, 0x0000000100000000)
  eden space 48128K, 0% used [0x00000000e1800000,0x00000000e1800000,0x00000000e4700000)
  from space 3584K, 99% used [0x00000000e4a80000,0x00000000e4df99c8,0x00000000e4e00000)
  to   space 3584K, 0% used [0x00000000e4700000,0x00000000e4700000,0x00000000e4a80000)
 ParOldGen       total 62976K, used 5961K [0x00000000a4800000, 0x00000000a8580000, 0x00000000e1800000)
  object space 62976K, 9% used [0x00000000a4800000,0x00000000a4dd27c8,0x00000000a8580000)
 Metaspace       used 21013K, capacity 21232K, committed 21296K, reserved 1069056K
  class space    used 2251K, capacity 2320K, committed 2352K, reserved 1048576K
Event: 4.739 GC heap after
Heap after GC invocations=3 (full 1):
 PSYoungGen      total 51712K, used 0K [0x00000000e1800000, 0x00000000e4e00000, 0x0000000100000000)
  eden space 48128K, 0% used [0x00000000e1800000,0x00000000e1800000,0x00000000e4700000)
  from space 3584K, 0% used [0x00000000e4a80000,0x00000000e4a80000,0x00000000e4e00000)
  to   space 3584K, 0% used [0x00000000e4700000,0x00000000e4700000,0x00000000e4a80000)
 ParOldGen       total 47104K, used 9212K [0x00000000a4800000, 0x00000000a7600000, 0x00000000e1800000)
  object space 47104K, 19% used [0x00000000a4800000,0x00000000a50ff230,0x00000000a7600000)
 Metaspace       used 21013K, capacity 21232K, committed 21296K, reserved 1069056K
  class space    used 2251K, capacity 2320K, committed 2352K, reserved 1048576K
}

