# JRE version: Java(TM) SE Runtime Environment (8.0_181-b13) (build 1.8.0_181-b13)
# Java VM: Java HotSpot(TM) 64-Bit Server VM (25.181-b13 mixed mode windows-amd64 compressed oops)
Heap:
 PSYoungGen      total 51712K, used 36571K [0x00000000e1800000, 0x00000000e5f80000, 0x0000000100000000)
  eden space 48128K, 68% used [0x00000000e1800000,0x00000000e383c338,0x00000000e4700000)
  from space 3584K, 99% used [0x00000000e4700000,0x00000000e4a7ac40,0x00000000e4a80000)
  to   space 3584K, 0% used [0x00000000e5c00000,0x00000000e5c00000,0x00000000e5f80000)
 ParOldGen       total 50176K, used 11957K [0x00000000a4800000, 0x00000000a7900000, 0x00000000e1800000)
  object space 50176K, 23% used [0x00000000a4800000,0x00000000a53ad468,0x00000000a7900000)
 Metaspace       used 31248K, capacity 31708K, committed 31744K, reserved 1077248K
  class space    used 3462K, capacity 3579K, committed 3584K, reserved 1048576K
GC Heap History (8 events):
Event: 1.897 GC heap before
{Heap before GC invocations=1 (full 0):
 PSYoungGen      total 27648K, used 24062K [0x00000000e1800000, 0x00000000e3680000, 0x0000000100000000)
  eden space 24064K, 99% used [0x00000000e1800000,0x00000000e2f7f908,0x00000000e2f80000)
  from space 3584K, 0% used [0x00000000e3300000,0x00000000e3300000,0x00000000e3680000)
  to   space 3584K, 0% used [0x00000000e2f80000,0x00000000e2f80000,0x00000000e3300000)
 ParOldGen       total 62976K, used 0K [0x00000000a4800000, 0x00000000a8580000, 0x00000000e1800000)
  object space 62976K, 0% used [0x00000000a4800000,0x00000000a4800000,0x00000000a8580000)
 Metaspace       used 13720K, capacity 13932K, committed 14080K, reserved 1060864K
  class space    used 1626K, capacity 1706K, committed 1792K, reserved 1048576K
Event: 1.919 GC heap after
Heap after GC invocations=1 (full 0):
 PSYoungGen      total 27648K, used 3570K [0x00000000e1800000, 0x00000000e4e00000, 0x0000000100000000)
  eden space 24064K, 0% used [0x00000000e1800000,0x00000000e1800000,0x00000000e2f80000)
  from space 3584K, 99% used [0x00000000e2f80000,0x00000000e32fca00,0x00000000e3300000)
  to   space 3584K, 0% used [0x00000000e4a80000,0x00000000e4a80000,0x00000000e4e00000)
 ParOldGen       total 62976K, used 1260K [0x00000000a4800000, 0x00000000a8580000, 0x00000000e1800000)
  object space 62976K, 2% used [0x00000000a4800000,0x00000000a493b248,0x00000000a8580000)
 Metaspace       used 13720K, capacity 13932K, committed 14080K, reserved 1060864K
  class space    used 1626K, capacity 1706K, committed 1792K, reserved 1048576K
}
Event: 2.812 GC heap before
{Heap before GC invocations=2 (full 0):
 PSYoungGen      total 27648K, used 21254K [0x00000000e1800000, 0x00000000e4e00000, 0x0000000100000000)
  eden space 24064K, 73% used [0x00000000e1800000,0x00000000e29450b0,0x00000000e2f80000)
  from space 3584K, 99% used [0x00000000e2f80000,0x00000000e32fca00,0x00000000e3300000)
  to   space 3584K, 0% used [0x00000000e4a80000,0x00000000e4a80000,0x00000000e4e00000)
 ParOldGen       total 62976K, used 1260K [0x00000000a4800000, 0x00000000a8580000, 0x00000000e1800000)
  object space 62976K, 2% used [0x00000000a4800000,0x00000000a493b248,0x00000000a8580000)
 Metaspace       used 20925K, capacity 21100K, committed 21248K, reserved 1069056K
  class space    used 2144K, capacity 2218K, committed 2304K, reserved 1048576K
Event: 2.823 GC heap after
Heap after GC invocations=2 (full 0):
 PSYoungGen      total 51712K, used 3582K [0x00000000e1800000, 0x00000000e4e00000, 0x0000000100000000)
  eden space 48128K, 0% used [0x00000000e1800000,0x00000000e1800000,0x00000000e4700000)
  from space 3584K, 99% used [0x00000000e4a80000,0x00000000e4dffb48,0x00000000e4e00000)
  to   space 3584K, 0% used [0x00000000e4700000,0x00000000e4700000,0x00000000e4a80000)
 ParOldGen       total 62976K, used 4864K [0x00000000a4800000, 0x00000000a8580000, 0x00000000e1800000)
  object space 62976K, 7% used [0x00000000a4800000,0x00000000a4cc0378,0x00000000a8580000)
 Metaspace       used 20925K, capacity 21100K, committed 21248K, reserved 1069056K
  class space    used 2144K, capacity 2218K, committed 2304K, reserved 1048576K
}
Event: 2.823 GC heap before
{Heap before GC invocations=3 (full 1):
 PSYoungGen      total 51712K, used 3582K [0x00000000e1800000, 0x00000000e4e00000, 0x0000000100000000)
  eden space 48128K, 0% used [0x00000000e1800000,0x00000000e1800000,0x00000000e4700000)
  from space 3584K, 99% used [0x00000000e4a80000,0x00000000e4dffb48,0x00000000e4e00000)
  to   space 3584K, 0% used [0x00000000e4700000,0x00000000e4700000,0x00000000e4a80000)
 ParOldGen       total 62976K, used 4864K [0x00000000a4800000, 0x00000000a8580000, 0x00000000e1800000)
  object space 62976K, 7% used [0x00000000a4800000,0x00000000a4cc0378,0x00000000a8580000)
 Metaspace       used 20925K, capacity 21100K, committed 21248K, reserved 1069056K
  class space    used 2144K, capacity 2218K, committed 2304K, reserved 1048576K
Event: 2.863 GC heap after
Heap after GC invocations=3 (full 1):
 PSYoungGen      total 51712K, used 0K [0x00000000e1800000, 0x00000000e4e00000, 0x0000000100000000)
  eden space 48128K, 0% used [0x00000000e1800000,0x00000000e1800000,0x00000000e4700000)
  from space 3584K, 0% used [0x00000000e4a80000,0x00000000e4a80000,0x00000000e4e00000)
  to   space 3584K, 0% used [0x00000000e4700000,0x00000000e4700000,0x00000000e4a80000)
 ParOldGen       total 50176K, used 7651K [0x00000000a4800000, 0x00000000a7900000, 0x00000000e1800000)
  object space 50176K, 15% used [0x00000000a4800000,0x00000000a4f78c90,0x00000000a7900000)
 Metaspace       used 20925K, capacity 21100K, committed 21248K, reserved 1069056K
  class space    used 2144K, capacity 2218K, committed 2304K, reserved 1048576K
}
Event: 5.929 GC heap before
{Heap before GC invocations=4 (full 1):
 PSYoungGen      total 51712K, used 48128K [0x00000000e1800000, 0x00000000e4e00000, 0x0000000100000000)
  eden space 48128K, 100% used [0x00000000e1800000,0x00000000e4700000,0x00000000e4700000)
  from space 3584K, 0% used [0x00000000e4a80000,0x00000000e4a80000,0x00000000e4e00000)
  to   space 3584K, 0% used [0x00000000e4700000,0x00000000e4700000,0x00000000e4a80000)
 ParOldGen       total 50176K, used 7651K [0x00000000a4800000, 0x00000000a7900000, 0x00000000e1800000)
  object space 50176K, 15% used [0x00000000a4800000,0x00000000a4f78c90,0x00000000a7900000)
 Metaspace       used 28051K, capacity 28424K, committed 28672K, reserved 1075200K
  class space    used 3106K, capacity 3209K, committed 3328K, reserved 1048576K
Event: 5.938 GC heap after
Heap after GC invocations=4 (full 1):
 PSYoungGen      total 51712K, used 3563K [0x00000000e1800000, 0x00000000e5f80000, 0x0000000100000000)
  eden space 48128K, 0% used [0x00000000e1800000,0x00000000e1800000,0x00000000e4700000)
  from space 3584K, 99% used [0x00000000e4700000,0x00000000e4a7ac40,0x00000000e4a80000)
  to   space 3584K, 0% used [0x00000000e5c00000,0x00000000e5c00000,0x00000000e5f80000)
 ParOldGen       total 50176K, used 11957K [0x00000000a4800000, 0x00000000a7900000, 0x00000000e1800000)
  object space 50176K, 23% used [0x00000000a4800000,0x00000000a53ad468,0x00000000a7900000)
 Metaspace       used 28051K, capacity 28424K, committed 28672K, reserved 1075200K
  class space    used 3106K, capacity 3209K, committed 3328K, reserved 1048576K
}

