# JRE version: Java(TM) SE Runtime Environment (8.0_181-b13) (build 1.8.0_181-b13)
# Java VM: Java HotSpot(TM) 64-Bit Server VM (25.181-b13 mixed mode windows-amd64 compressed oops)
Heap:
 PSYoungGen      total 28672K, used 15633K [0x00000000e1800000, 0x00000000e4f80000, 0x0000000100000000)
  eden space 23552K, 45% used [0x00000000e1800000,0x00000000e2276140,0x00000000e2f00000)
  from space 5120K, 96% used [0x00000000e4a80000,0x00000000e4f4e590,0x00000000e4f80000)
  to   space 9728K, 0% used [0x00000000e3c80000,0x00000000e3c80000,0x00000000e4600000)
 ParOldGen       total 36352K, used 17150K [0x00000000a4800000, 0x00000000a6b80000, 0x00000000e1800000)
  object space 36352K, 47% used [0x00000000a4800000,0x00000000a58bf960,0x00000000a6b80000)
 Metaspace       used 33191K, capacity 33642K, committed 33792K, reserved 1079296K
  class space    used 3632K, capacity 3729K, committed 3840K, reserved 1048576K
GC Heap History (10 events):
Event: 16.654 GC heap before
{Heap before GC invocations=3 (full 1):
 PSYoungGen      total 27648K, used 3573K [0x00000000e1800000, 0x00000000e3680000, 0x0000000100000000)
  eden space 24064K, 0% used [0x00000000e1800000,0x00000000e1800000,0x00000000e2f80000)
  from space 3584K, 99% used [0x00000000e3300000,0x00000000e367d790,0x00000000e3680000)
  to   space 3584K, 0% used [0x00000000e2f80000,0x00000000e2f80000,0x00000000e3300000)
 ParOldGen       total 62976K, used 4897K [0x00000000a4800000, 0x00000000a8580000, 0x00000000e1800000)
  object space 62976K, 7% used [0x00000000a4800000,0x00000000a4cc8680,0x00000000a8580000)
 Metaspace       used 20979K, capacity 21104K, committed 21248K, reserved 1069056K
  class space    used 2147K, capacity 2218K, committed 2304K, reserved 1048576K
Event: 16.700 GC heap after
Heap after GC invocations=3 (full 1):
 PSYoungGen      total 27648K, used 0K [0x00000000e1800000, 0x00000000e3680000, 0x0000000100000000)
  eden space 24064K, 0% used [0x00000000e1800000,0x00000000e1800000,0x00000000e2f80000)
  from space 3584K, 0% used [0x00000000e3300000,0x00000000e3300000,0x00000000e3680000)
  to   space 3584K, 0% used [0x00000000e2f80000,0x00000000e2f80000,0x00000000e3300000)
 ParOldGen       total 36352K, used 7683K [0x00000000a4800000, 0x00000000a6b80000, 0x00000000e1800000)
  object space 36352K, 21% used [0x00000000a4800000,0x00000000a4f80fc8,0x00000000a6b80000)
 Metaspace       used 20979K, capacity 21104K, committed 21248K, reserved 1069056K
  class space    used 2147K, capacity 2218K, committed 2304K, reserved 1048576K
}
Event: 26.333 GC heap before
{Heap before GC invocations=4 (full 1):
 PSYoungGen      total 27648K, used 24064K [0x00000000e1800000, 0x00000000e3680000, 0x0000000100000000)
  eden space 24064K, 100% used [0x00000000e1800000,0x00000000e2f80000,0x00000000e2f80000)
  from space 3584K, 0% used [0x00000000e3300000,0x00000000e3300000,0x00000000e3680000)
  to   space 3584K, 0% used [0x00000000e2f80000,0x00000000e2f80000,0x00000000e3300000)
 ParOldGen       total 36352K, used 7683K [0x00000000a4800000, 0x00000000a6b80000, 0x00000000e1800000)
  object space 36352K, 21% used [0x00000000a4800000,0x00000000a4f80fc8,0x00000000a6b80000)
 Metaspace       used 25687K, capacity 26044K, committed 26240K, reserved 1073152K
  class space    used 2759K, capacity 2848K, committed 2944K, reserved 1048576K
Event: 26.427 GC heap after
Heap after GC invocations=4 (full 1):
 PSYoungGen      total 27648K, used 3552K [0x00000000e1800000, 0x00000000e3680000, 0x0000000100000000)
  eden space 24064K, 0% used [0x00000000e1800000,0x00000000e1800000,0x00000000e2f80000)
  from space 3584K, 99% used [0x00000000e2f80000,0x00000000e32f81e0,0x00000000e3300000)
  to   space 3584K, 0% used [0x00000000e3300000,0x00000000e3300000,0x00000000e3680000)
 ParOldGen       total 36352K, used 9073K [0x00000000a4800000, 0x00000000a6b80000, 0x00000000e1800000)
  object space 36352K, 24% used [0x00000000a4800000,0x00000000a50dc4d8,0x00000000a6b80000)
 Metaspace       used 25687K, capacity 26044K, committed 26240K, reserved 1073152K
  class space    used 2759K, capacity 2848K, committed 2944K, reserved 1048576K
}
Event: 27.287 GC heap before
{Heap before GC invocations=5 (full 1):
 PSYoungGen      total 27648K, used 27616K [0x00000000e1800000, 0x00000000e3680000, 0x0000000100000000)
  eden space 24064K, 100% used [0x00000000e1800000,0x00000000e2f80000,0x00000000e2f80000)
  from space 3584K, 99% used [0x00000000e2f80000,0x00000000e32f81e0,0x00000000e3300000)
  to   space 3584K, 0% used [0x00000000e3300000,0x00000000e3300000,0x00000000e3680000)
 ParOldGen       total 36352K, used 9073K [0x00000000a4800000, 0x00000000a6b80000, 0x00000000e1800000)
  object space 36352K, 24% used [0x00000000a4800000,0x00000000a50dc4d8,0x00000000a6b80000)
 Metaspace       used 28450K, capacity 28800K, committed 28928K, reserved 1075200K
  class space    used 3121K, capacity 3217K, committed 3328K, reserved 1048576K
Event: 27.293 GC heap after
Heap after GC invocations=5 (full 1):
 PSYoungGen      total 27648K, used 3552K [0x00000000e1800000, 0x00000000e3680000, 0x0000000100000000)
  eden space 24064K, 0% used [0x00000000e1800000,0x00000000e1800000,0x00000000e2f80000)
  from space 3584K, 99% used [0x00000000e3300000,0x00000000e3678180,0x00000000e3680000)
  to   space 3584K, 0% used [0x00000000e2f80000,0x00000000e2f80000,0x00000000e3300000)
 ParOldGen       total 36352K, used 11776K [0x00000000a4800000, 0x00000000a6b80000, 0x00000000e1800000)
  object space 36352K, 32% used [0x00000000a4800000,0x00000000a5380180,0x00000000a6b80000)
 Metaspace       used 28450K, capacity 28800K, committed 28928K, reserved 1075200K
  class space    used 3121K, capacity 3217K, committed 3328K, reserved 1048576K
}
Event: 27.942 GC heap before
{Heap before GC invocations=6 (full 1):
 PSYoungGen      total 27648K, used 27616K [0x00000000e1800000, 0x00000000e3680000, 0x0000000100000000)
  eden space 24064K, 100% used [0x00000000e1800000,0x00000000e2f80000,0x00000000e2f80000)
  from space 3584K, 99% used [0x00000000e3300000,0x00000000e3678180,0x00000000e3680000)
  to   space 3584K, 0% used [0x00000000e2f80000,0x00000000e2f80000,0x00000000e3300000)
 ParOldGen       total 36352K, used 11776K [0x00000000a4800000, 0x00000000a6b80000, 0x00000000e1800000)
  object space 36352K, 32% used [0x00000000a4800000,0x00000000a5380180,0x00000000a6b80000)
 Metaspace       used 31593K, capacity 31990K, committed 32128K, reserved 1077248K
  class space    used 3564K, capacity 3674K, committed 3712K, reserved 1048576K
Event: 27.953 GC heap after
Heap after GC invocations=6 (full 1):
 PSYoungGen      total 27648K, used 3553K [0x00000000e1800000, 0x00000000e5400000, 0x0000000100000000)
  eden space 24064K, 0% used [0x00000000e1800000,0x00000000e1800000,0x00000000e2f80000)
  from space 3584K, 99% used [0x00000000e2f80000,0x00000000e32f86d0,0x00000000e3300000)
  to   space 9728K, 0% used [0x00000000e4a80000,0x00000000e4a80000,0x00000000e5400000)
 ParOldGen       total 36352K, used 17142K [0x00000000a4800000, 0x00000000a6b80000, 0x00000000e1800000)
  object space 36352K, 47% used [0x00000000a4800000,0x00000000a58bd960,0x00000000a6b80000)
 Metaspace       used 31593K, capacity 31990K, committed 32128K, reserved 1077248K
  class space    used 3564K, capacity 3674K, committed 3712K, reserved 1048576K
}
Event: 37.136 GC heap before
{Heap before GC invocations=7 (full 1):
 PSYoungGen      total 27648K, used 27617K [0x00000000e1800000, 0x00000000e5400000, 0x0000000100000000)
  eden space 24064K, 100% used [0x00000000e1800000,0x00000000e2f80000,0x00000000e2f80000)
  from space 3584K, 99% used [0x00000000e2f80000,0x00000000e32f86d0,0x00000000e3300000)
  to   space 9728K, 0% used [0x00000000e4a80000,0x00000000e4a80000,0x00000000e5400000)
 ParOldGen       total 36352K, used 17142K [0x00000000a4800000, 0x00000000a6b80000, 0x00000000e1800000)
  object space 36352K, 47% used [0x00000000a4800000,0x00000000a58bd960,0x00000000a6b80000)
 Metaspace       used 32582K, capacity 33080K, committed 33280K, reserved 1079296K
  class space    used 3599K, capacity 3721K, committed 3840K, reserved 1048576K
Event: 37.143 GC heap after
Heap after GC invocations=7 (full 1):
 PSYoungGen      total 28672K, used 4921K [0x00000000e1800000, 0x00000000e4f80000, 0x0000000100000000)
  eden space 23552K, 0% used [0x00000000e1800000,0x00000000e1800000,0x00000000e2f00000)
  from space 5120K, 96% used [0x00000000e4a80000,0x00000000e4f4e590,0x00000000e4f80000)
  to   space 9728K, 0% used [0x00000000e3c80000,0x00000000e3c80000,0x00000000e4600000)
 ParOldGen       total 36352K, used 17150K [0x00000000a4800000, 0x00000000a6b80000, 0x00000000e1800000)
  object space 36352K, 47% used [0x00000000a4800000,0x00000000a58bf960,0x00000000a6b80000)
 Metaspace       used 32582K, capacity 33080K, committed 33280K, reserved 1079296K
  class space    used 3599K, capacity 3721K, committed 3840K, reserved 1048576K
}

