# JRE version: Java(TM) SE Runtime Environment (8.0_181-b13) (build 1.8.0_181-b13)
# Java VM: Java HotSpot(TM) 64-Bit Server VM (25.181-b13 mixed mode windows-amd64 compressed oops)
Heap:
 PSYoungGen      total 27648K, used 5149K [0x00000000e1800000, 0x00000000e3680000, 0x0000000100000000)
  eden space 24064K, 6% used [0x00000000e1800000,0x00000000e198c508,0x00000000e2f80000)
  from space 3584K, 99% used [0x00000000e2f80000,0x00000000e32fb038,0x00000000e3300000)
  to   space 3584K, 0% used [0x00000000e3300000,0x00000000e3300000,0x00000000e3680000)
 ParOldGen       total 31744K, used 5121K [0x00000000a4800000, 0x00000000a6700000, 0x00000000e1800000)
  object space 31744K, 16% used [0x00000000a4800000,0x00000000a4d006f0,0x00000000a6700000)
 Metaspace       used 25596K, capacity 25826K, committed 26112K, reserved 1073152K
  class space    used 2751K, capacity 2807K, committed 2816K, reserved 1048576K
GC Heap History (8 events):
Event: 2.018 GC heap before
{Heap before GC invocations=1 (full 0):
 PSYoungGen      total 27648K, used 24064K [0x00000000e1800000, 0x00000000e3680000, 0x0000000100000000)
  eden space 24064K, 100% used [0x00000000e1800000,0x00000000e2f80000,0x00000000e2f80000)
  from space 3584K, 0% used [0x00000000e3300000,0x00000000e3300000,0x00000000e3680000)
  to   space 3584K, 0% used [0x00000000e2f80000,0x00000000e2f80000,0x00000000e3300000)
 ParOldGen       total 62976K, used 0K [0x00000000a4800000, 0x00000000a8580000, 0x00000000e1800000)
  object space 62976K, 0% used [0x00000000a4800000,0x00000000a4800000,0x00000000a8580000)
 Metaspace       used 19553K, capacity 19720K, committed 19968K, reserved 1067008K
  class space    used 2117K, capacity 2182K, committed 2304K, reserved 1048576K
Event: 2.029 GC heap after
Heap after GC invocations=1 (full 0):
 PSYoungGen      total 27648K, used 3583K [0x00000000e1800000, 0x00000000e3680000, 0x0000000100000000)
  eden space 24064K, 0% used [0x00000000e1800000,0x00000000e1800000,0x00000000e2f80000)
  from space 3584K, 99% used [0x00000000e2f80000,0x00000000e32fffb8,0x00000000e3300000)
  to   space 3584K, 0% used [0x00000000e3300000,0x00000000e3300000,0x00000000e3680000)
 ParOldGen       total 62976K, used 2523K [0x00000000a4800000, 0x00000000a8580000, 0x00000000e1800000)
  object space 62976K, 4% used [0x00000000a4800000,0x00000000a4a76d08,0x00000000a8580000)
 Metaspace       used 19553K, capacity 19720K, committed 19968K, reserved 1067008K
  class space    used 2117K, capacity 2182K, committed 2304K, reserved 1048576K
}
Event: 5.804 GC heap before
{Heap before GC invocations=2 (full 0):
 PSYoungGen      total 27648K, used 8193K [0x00000000e1800000, 0x00000000e3680000, 0x0000000100000000)
  eden space 24064K, 19% used [0x00000000e1800000,0x00000000e1c80798,0x00000000e2f80000)
  from space 3584K, 99% used [0x00000000e2f80000,0x00000000e32fffb8,0x00000000e3300000)
  to   space 3584K, 0% used [0x00000000e3300000,0x00000000e3300000,0x00000000e3680000)
 ParOldGen       total 62976K, used 2523K [0x00000000a4800000, 0x00000000a8580000, 0x00000000e1800000)
  object space 62976K, 4% used [0x00000000a4800000,0x00000000a4a76d08,0x00000000a8580000)
 Metaspace       used 20949K, capacity 21100K, committed 21296K, reserved 1069056K
  class space    used 2256K, capacity 2342K, committed 2432K, reserved 1048576K
Event: 5.812 GC heap after
Heap after GC invocations=2 (full 0):
 PSYoungGen      total 27648K, used 3566K [0x00000000e1800000, 0x00000000e3680000, 0x0000000100000000)
  eden space 24064K, 0% used [0x00000000e1800000,0x00000000e1800000,0x00000000e2f80000)
  from space 3584K, 99% used [0x00000000e3300000,0x00000000e367b990,0x00000000e3680000)
  to   space 3584K, 0% used [0x00000000e2f80000,0x00000000e2f80000,0x00000000e3300000)
 ParOldGen       total 62976K, used 3300K [0x00000000a4800000, 0x00000000a8580000, 0x00000000e1800000)
  object space 62976K, 5% used [0x00000000a4800000,0x00000000a4b39158,0x00000000a8580000)
 Metaspace       used 20949K, capacity 21100K, committed 21296K, reserved 1069056K
  class space    used 2256K, capacity 2342K, committed 2432K, reserved 1048576K
}
Event: 5.812 GC heap before
{Heap before GC invocations=3 (full 1):
 PSYoungGen      total 27648K, used 3566K [0x00000000e1800000, 0x00000000e3680000, 0x0000000100000000)
  eden space 24064K, 0% used [0x00000000e1800000,0x00000000e1800000,0x00000000e2f80000)
  from space 3584K, 99% used [0x00000000e3300000,0x00000000e367b990,0x00000000e3680000)
  to   space 3584K, 0% used [0x00000000e2f80000,0x00000000e2f80000,0x00000000e3300000)
 ParOldGen       total 62976K, used 3300K [0x00000000a4800000, 0x00000000a8580000, 0x00000000e1800000)
  object space 62976K, 5% used [0x00000000a4800000,0x00000000a4b39158,0x00000000a8580000)
 Metaspace       used 20949K, capacity 21100K, committed 21296K, reserved 1069056K
  class space    used 2256K, capacity 2342K, committed 2432K, reserved 1048576K
Event: 5.846 GC heap after
Heap after GC invocations=3 (full 1):
 PSYoungGen      total 27648K, used 0K [0x00000000e1800000, 0x00000000e3680000, 0x0000000100000000)
  eden space 24064K, 0% used [0x00000000e1800000,0x00000000e1800000,0x00000000e2f80000)
  from space 3584K, 0% used [0x00000000e3300000,0x00000000e3300000,0x00000000e3680000)
  to   space 3584K, 0% used [0x00000000e2f80000,0x00000000e2f80000,0x00000000e3300000)
 ParOldGen       total 31744K, used 4245K [0x00000000a4800000, 0x00000000a6700000, 0x00000000e1800000)
  object space 31744K, 13% used [0x00000000a4800000,0x00000000a4c25648,0x00000000a6700000)
 Metaspace       used 20949K, capacity 21100K, committed 21296K, reserved 1069056K
  class space    used 2256K, capacity 2342K, committed 2432K, reserved 1048576K
}
Event: 23.024 GC heap before
{Heap before GC invocations=4 (full 1):
 PSYoungGen      total 27648K, used 24064K [0x00000000e1800000, 0x00000000e3680000, 0x0000000100000000)
  eden space 24064K, 100% used [0x00000000e1800000,0x00000000e2f80000,0x00000000e2f80000)
  from space 3584K, 0% used [0x00000000e3300000,0x00000000e3300000,0x00000000e3680000)
  to   space 3584K, 0% used [0x00000000e2f80000,0x00000000e2f80000,0x00000000e3300000)
 ParOldGen       total 31744K, used 4245K [0x00000000a4800000, 0x00000000a6700000, 0x00000000e1800000)
  object space 31744K, 13% used [0x00000000a4800000,0x00000000a4c25648,0x00000000a6700000)
 Metaspace       used 25581K, capacity 25818K, committed 26112K, reserved 1073152K
  class space    used 2750K, capacity 2807K, committed 2816K, reserved 1048576K
Event: 23.031 GC heap after
Heap after GC invocations=4 (full 1):
 PSYoungGen      total 27648K, used 3564K [0x00000000e1800000, 0x00000000e3680000, 0x0000000100000000)
  eden space 24064K, 0% used [0x00000000e1800000,0x00000000e1800000,0x00000000e2f80000)
  from space 3584K, 99% used [0x00000000e2f80000,0x00000000e32fb038,0x00000000e3300000)
  to   space 3584K, 0% used [0x00000000e3300000,0x00000000e3300000,0x00000000e3680000)
 ParOldGen       total 31744K, used 5121K [0x00000000a4800000, 0x00000000a6700000, 0x00000000e1800000)
  object space 31744K, 16% used [0x00000000a4800000,0x00000000a4d006f0,0x00000000a6700000)
 Metaspace       used 25581K, capacity 25818K, committed 26112K, reserved 1073152K
  class space    used 2750K, capacity 2807K, committed 2816K, reserved 1048576K
}

