# JRE version: Java(TM) SE Runtime Environment (8.0_181-b13) (build 1.8.0_181-b13)
# Java VM: Java HotSpot(TM) 64-Bit Server VM (25.181-b13 mixed mode windows-amd64 compressed oops)
Heap:
 PSYoungGen      total 27136K, used 24844K [0x00000000e1800000, 0x00000000e3f00000, 0x0000000100000000)
  eden space 23552K, 90% used [0x00000000e1800000,0x00000000e2cc72c0,0x00000000e2f00000)
  from space 3584K, 99% used [0x00000000e2f80000,0x00000000e32fc0d0,0x00000000e3300000)
  to   space 8192K, 0% used [0x00000000e3700000,0x00000000e3700000,0x00000000e3f00000)
 ParOldGen       total 35840K, used 14128K [0x00000000a4800000, 0x00000000a6b00000, 0x00000000e1800000)
  object space 35840K, 39% used [0x00000000a4800000,0x00000000a55cc210,0x00000000a6b00000)
 Metaspace       used 33112K, capacity 33492K, committed 33792K, reserved 1079296K
  class space    used 3649K, capacity 3742K, committed 3840K, reserved 1048576K
GC Heap History (10 events):
Event: 18.774 GC heap before
{Heap before GC invocations=2 (full 0):
 PSYoungGen      total 27648K, used 22581K [0x00000000e1800000, 0x00000000e3680000, 0x0000000100000000)
  eden space 24064K, 79% used [0x00000000e1800000,0x00000000e2a94de8,0x00000000e2f80000)
  from space 3584K, 99% used [0x00000000e2f80000,0x00000000e32f89f0,0x00000000e3300000)
  to   space 3584K, 0% used [0x00000000e3300000,0x00000000e3300000,0x00000000e3680000)
 ParOldGen       total 62976K, used 1309K [0x00000000a4800000, 0x00000000a8580000, 0x00000000e1800000)
  object space 62976K, 2% used [0x00000000a4800000,0x00000000a4947508,0x00000000a8580000)
 Metaspace       used 20926K, capacity 21096K, committed 21248K, reserved 1069056K
  class space    used 2142K, capacity 2218K, committed 2304K, reserved 1048576K
Event: 18.783 GC heap after
Heap after GC invocations=2 (full 0):
 PSYoungGen      total 27648K, used 3555K [0x00000000e1800000, 0x00000000e3680000, 0x0000000100000000)
  eden space 24064K, 0% used [0x00000000e1800000,0x00000000e1800000,0x00000000e2f80000)
  from space 3584K, 99% used [0x00000000e3300000,0x00000000e3678de0,0x00000000e3680000)
  to   space 3584K, 0% used [0x00000000e2f80000,0x00000000e2f80000,0x00000000e3300000)
 ParOldGen       total 62976K, used 4769K [0x00000000a4800000, 0x00000000a8580000, 0x00000000e1800000)
  object space 62976K, 7% used [0x00000000a4800000,0x00000000a4ca84b8,0x00000000a8580000)
 Metaspace       used 20926K, capacity 21096K, committed 21248K, reserved 1069056K
  class space    used 2142K, capacity 2218K, committed 2304K, reserved 1048576K
}
Event: 18.783 GC heap before
{Heap before GC invocations=3 (full 1):
 PSYoungGen      total 27648K, used 3555K [0x00000000e1800000, 0x00000000e3680000, 0x0000000100000000)
  eden space 24064K, 0% used [0x00000000e1800000,0x00000000e1800000,0x00000000e2f80000)
  from space 3584K, 99% used [0x00000000e3300000,0x00000000e3678de0,0x00000000e3680000)
  to   space 3584K, 0% used [0x00000000e2f80000,0x00000000e2f80000,0x00000000e3300000)
 ParOldGen       total 62976K, used 4769K [0x00000000a4800000, 0x00000000a8580000, 0x00000000e1800000)
  object space 62976K, 7% used [0x00000000a4800000,0x00000000a4ca84b8,0x00000000a8580000)
 Metaspace       used 20926K, capacity 21096K, committed 21248K, reserved 1069056K
  class space    used 2142K, capacity 2218K, committed 2304K, reserved 1048576K
Event: 18.819 GC heap after
Heap after GC invocations=3 (full 1):
 PSYoungGen      total 27648K, used 0K [0x00000000e1800000, 0x00000000e3680000, 0x0000000100000000)
  eden space 24064K, 0% used [0x00000000e1800000,0x00000000e1800000,0x00000000e2f80000)
  from space 3584K, 0% used [0x00000000e3300000,0x00000000e3300000,0x00000000e3680000)
  to   space 3584K, 0% used [0x00000000e2f80000,0x00000000e2f80000,0x00000000e3300000)
 ParOldGen       total 35840K, used 7649K [0x00000000a4800000, 0x00000000a6b00000, 0x00000000e1800000)
  object space 35840K, 21% used [0x00000000a4800000,0x00000000a4f78790,0x00000000a6b00000)
 Metaspace       used 20926K, capacity 21096K, committed 21248K, reserved 1069056K
  class space    used 2142K, capacity 2218K, committed 2304K, reserved 1048576K
}
Event: 81.318 GC heap before
{Heap before GC invocations=4 (full 1):
 PSYoungGen      total 27648K, used 24064K [0x00000000e1800000, 0x00000000e3680000, 0x0000000100000000)
  eden space 24064K, 100% used [0x00000000e1800000,0x00000000e2f80000,0x00000000e2f80000)
  from space 3584K, 0% used [0x00000000e3300000,0x00000000e3300000,0x00000000e3680000)
  to   space 3584K, 0% used [0x00000000e2f80000,0x00000000e2f80000,0x00000000e3300000)
 ParOldGen       total 35840K, used 7649K [0x00000000a4800000, 0x00000000a6b00000, 0x00000000e1800000)
  object space 35840K, 21% used [0x00000000a4800000,0x00000000a4f78790,0x00000000a6b00000)
 Metaspace       used 25506K, capacity 25812K, committed 26112K, reserved 1073152K
  class space    used 2699K, capacity 2782K, committed 2816K, reserved 1048576K
Event: 81.325 GC heap after
Heap after GC invocations=4 (full 1):
 PSYoungGen      total 27648K, used 3532K [0x00000000e1800000, 0x00000000e3680000, 0x0000000100000000)
  eden space 24064K, 0% used [0x00000000e1800000,0x00000000e1800000,0x00000000e2f80000)
  from space 3584K, 98% used [0x00000000e2f80000,0x00000000e32f3390,0x00000000e3300000)
  to   space 3584K, 0% used [0x00000000e3300000,0x00000000e3300000,0x00000000e3680000)
 ParOldGen       total 35840K, used 9586K [0x00000000a4800000, 0x00000000a6b00000, 0x00000000e1800000)
  object space 35840K, 26% used [0x00000000a4800000,0x00000000a515c850,0x00000000a6b00000)
 Metaspace       used 25506K, capacity 25812K, committed 26112K, reserved 1073152K
  class space    used 2699K, capacity 2782K, committed 2816K, reserved 1048576K
}
Event: 81.721 GC heap before
{Heap before GC invocations=5 (full 1):
 PSYoungGen      total 27648K, used 27596K [0x00000000e1800000, 0x00000000e3680000, 0x0000000100000000)
  eden space 24064K, 100% used [0x00000000e1800000,0x00000000e2f80000,0x00000000e2f80000)
  from space 3584K, 98% used [0x00000000e2f80000,0x00000000e32f3390,0x00000000e3300000)
  to   space 3584K, 0% used [0x00000000e3300000,0x00000000e3300000,0x00000000e3680000)
 ParOldGen       total 35840K, used 9586K [0x00000000a4800000, 0x00000000a6b00000, 0x00000000e1800000)
  object space 35840K, 26% used [0x00000000a4800000,0x00000000a515c850,0x00000000a6b00000)
 Metaspace       used 27631K, capacity 28000K, committed 28288K, reserved 1075200K
  class space    used 3019K, capacity 3122K, committed 3200K, reserved 1048576K
Event: 81.728 GC heap after
Heap after GC invocations=5 (full 1):
 PSYoungGen      total 27648K, used 3552K [0x00000000e1800000, 0x00000000e3680000, 0x0000000100000000)
  eden space 24064K, 0% used [0x00000000e1800000,0x00000000e1800000,0x00000000e2f80000)
  from space 3584K, 99% used [0x00000000e3300000,0x00000000e36780b0,0x00000000e3680000)
  to   space 3584K, 0% used [0x00000000e2f80000,0x00000000e2f80000,0x00000000e3300000)
 ParOldGen       total 35840K, used 11029K [0x00000000a4800000, 0x00000000a6b00000, 0x00000000e1800000)
  object space 35840K, 30% used [0x00000000a4800000,0x00000000a52c5538,0x00000000a6b00000)
 Metaspace       used 27631K, capacity 28000K, committed 28288K, reserved 1075200K
  class space    used 3019K, capacity 3122K, committed 3200K, reserved 1048576K
}
Event: 82.479 GC heap before
{Heap before GC invocations=6 (full 1):
 PSYoungGen      total 27648K, used 27616K [0x00000000e1800000, 0x00000000e3680000, 0x0000000100000000)
  eden space 24064K, 100% used [0x00000000e1800000,0x00000000e2f80000,0x00000000e2f80000)
  from space 3584K, 99% used [0x00000000e3300000,0x00000000e36780b0,0x00000000e3680000)
  to   space 3584K, 0% used [0x00000000e2f80000,0x00000000e2f80000,0x00000000e3300000)
 ParOldGen       total 35840K, used 11029K [0x00000000a4800000, 0x00000000a6b00000, 0x00000000e1800000)
  object space 35840K, 30% used [0x00000000a4800000,0x00000000a52c5538,0x00000000a6b00000)
 Metaspace       used 31396K, capacity 31802K, committed 32000K, reserved 1077248K
  class space    used 3468K, capacity 3574K, committed 3584K, reserved 1048576K
Event: 82.487 GC heap after
Heap after GC invocations=6 (full 1):
 PSYoungGen      total 27136K, used 3568K [0x00000000e1800000, 0x00000000e3f00000, 0x0000000100000000)
  eden space 23552K, 0% used [0x00000000e1800000,0x00000000e1800000,0x00000000e2f00000)
  from space 3584K, 99% used [0x00000000e2f80000,0x00000000e32fc0d0,0x00000000e3300000)
  to   space 8192K, 0% used [0x00000000e3700000,0x00000000e3700000,0x00000000e3f00000)
 ParOldGen       total 35840K, used 14128K [0x00000000a4800000, 0x00000000a6b00000, 0x00000000e1800000)
  object space 35840K, 39% used [0x00000000a4800000,0x00000000a55cc210,0x00000000a6b00000)
 Metaspace       used 31396K, capacity 31802K, committed 32000K, reserved 1077248K
  class space    used 3468K, capacity 3574K, committed 3584K, reserved 1048576K
}

