# JRE version: Java(TM) SE Runtime Environment (8.0_181-b13) (build 1.8.0_181-b13)
# Java VM: Java HotSpot(TM) 64-Bit Server VM (25.181-b13 mixed mode windows-amd64 compressed oops)
Heap:
 PSYoungGen      total 27648K, used 7473K [0x00000000e1800000, 0x00000000e3680000, 0x0000000100000000)
  eden space 24064K, 31% used [0x00000000e1800000,0x00000000e1f4c460,0x00000000e2f80000)
  from space 3584K, 0% used [0x00000000e3300000,0x00000000e3300000,0x00000000e3680000)
  to   space 3584K, 0% used [0x00000000e2f80000,0x00000000e2f80000,0x00000000e3300000)
 ParOldGen       total 51200K, used 8508K [0x00000000a4800000, 0x00000000a7a00000, 0x00000000e1800000)
  object space 51200K, 16% used [0x00000000a4800000,0x00000000a504f160,0x00000000a7a00000)
 Metaspace       used 23099K, capacity 23380K, committed 23600K, reserved 1071104K
  class space    used 2446K, capacity 2544K, committed 2608K, reserved 1048576K
GC Heap History (6 events):
Event: 1.962 GC heap before
{Heap before GC invocations=1 (full 0):
 PSYoungGen      total 27648K, used 23990K [0x00000000e1800000, 0x00000000e3680000, 0x0000000100000000)
  eden space 24064K, 99% used [0x00000000e1800000,0x00000000e2f6d940,0x00000000e2f80000)
  from space 3584K, 0% used [0x00000000e3300000,0x00000000e3300000,0x00000000e3680000)
  to   space 3584K, 0% used [0x00000000e2f80000,0x00000000e2f80000,0x00000000e3300000)
 ParOldGen       total 62976K, used 0K [0x00000000a4800000, 0x00000000a8580000, 0x00000000e1800000)
  object space 62976K, 0% used [0x00000000a4800000,0x00000000a4800000,0x00000000a8580000)
 Metaspace       used 14619K, capacity 14900K, committed 15104K, reserved 1062912K
  class space    used 1855K, capacity 1936K, committed 2048K, reserved 1048576K
Event: 1.973 GC heap after
Heap after GC invocations=1 (full 0):
 PSYoungGen      total 27648K, used 3574K [0x00000000e1800000, 0x00000000e3680000, 0x0000000100000000)
  eden space 24064K, 0% used [0x00000000e1800000,0x00000000e1800000,0x00000000e2f80000)
  from space 3584K, 99% used [0x00000000e2f80000,0x00000000e32fdb68,0x00000000e3300000)
  to   space 3584K, 0% used [0x00000000e3300000,0x00000000e3300000,0x00000000e3680000)
 ParOldGen       total 62976K, used 2925K [0x00000000a4800000, 0x00000000a8580000, 0x00000000e1800000)
  object space 62976K, 4% used [0x00000000a4800000,0x00000000a4adb548,0x00000000a8580000)
 Metaspace       used 14619K, capacity 14900K, committed 15104K, reserved 1062912K
  class space    used 1855K, capacity 1936K, committed 2048K, reserved 1048576K
}
Event: 2.663 GC heap before
{Heap before GC invocations=2 (full 0):
 PSYoungGen      total 27648K, used 19271K [0x00000000e1800000, 0x00000000e3680000, 0x0000000100000000)
  eden space 24064K, 65% used [0x00000000e1800000,0x00000000e2754178,0x00000000e2f80000)
  from space 3584K, 99% used [0x00000000e2f80000,0x00000000e32fdb68,0x00000000e3300000)
  to   space 3584K, 0% used [0x00000000e3300000,0x00000000e3300000,0x00000000e3680000)
 ParOldGen       total 62976K, used 2925K [0x00000000a4800000, 0x00000000a8580000, 0x00000000e1800000)
  object space 62976K, 4% used [0x00000000a4800000,0x00000000a4adb548,0x00000000a8580000)
 Metaspace       used 21027K, capacity 21236K, committed 21296K, reserved 1069056K
  class space    used 2261K, capacity 2320K, committed 2352K, reserved 1048576K
Event: 2.672 GC heap after
Heap after GC invocations=2 (full 0):
 PSYoungGen      total 27648K, used 3579K [0x00000000e1800000, 0x00000000e3680000, 0x0000000100000000)
  eden space 24064K, 0% used [0x00000000e1800000,0x00000000e1800000,0x00000000e2f80000)
  from space 3584K, 99% used [0x00000000e3300000,0x00000000e367ef80,0x00000000e3680000)
  to   space 3584K, 0% used [0x00000000e2f80000,0x00000000e2f80000,0x00000000e3300000)
 ParOldGen       total 62976K, used 5560K [0x00000000a4800000, 0x00000000a8580000, 0x00000000e1800000)
  object space 62976K, 8% used [0x00000000a4800000,0x00000000a4d6e188,0x00000000a8580000)
 Metaspace       used 21027K, capacity 21236K, committed 21296K, reserved 1069056K
  class space    used 2261K, capacity 2320K, committed 2352K, reserved 1048576K
}
Event: 2.672 GC heap before
{Heap before GC invocations=3 (full 1):
 PSYoungGen      total 27648K, used 3579K [0x00000000e1800000, 0x00000000e3680000, 0x0000000100000000)
  eden space 24064K, 0% used [0x00000000e1800000,0x00000000e1800000,0x00000000e2f80000)
  from space 3584K, 99% used [0x00000000e3300000,0x00000000e367ef80,0x00000000e3680000)
  to   space 3584K, 0% used [0x00000000e2f80000,0x00000000e2f80000,0x00000000e3300000)
 ParOldGen       total 62976K, used 5560K [0x00000000a4800000, 0x00000000a8580000, 0x00000000e1800000)
  object space 62976K, 8% used [0x00000000a4800000,0x00000000a4d6e188,0x00000000a8580000)
 Metaspace       used 21027K, capacity 21236K, committed 21296K, reserved 1069056K
  class space    used 2261K, capacity 2320K, committed 2352K, reserved 1048576K
Event: 2.712 GC heap after
Heap after GC invocations=3 (full 1):
 PSYoungGen      total 27648K, used 0K [0x00000000e1800000, 0x00000000e3680000, 0x0000000100000000)
  eden space 24064K, 0% used [0x00000000e1800000,0x00000000e1800000,0x00000000e2f80000)
  from space 3584K, 0% used [0x00000000e3300000,0x00000000e3300000,0x00000000e3680000)
  to   space 3584K, 0% used [0x00000000e2f80000,0x00000000e2f80000,0x00000000e3300000)
 ParOldGen       total 51200K, used 8508K [0x00000000a4800000, 0x00000000a7a00000, 0x00000000e1800000)
  object space 51200K, 16% used [0x00000000a4800000,0x00000000a504f160,0x00000000a7a00000)
 Metaspace       used 21027K, capacity 21236K, committed 21296K, reserved 1069056K
  class space    used 2261K, capacity 2320K, committed 2352K, reserved 1048576K
}

