# JRE version: Java(TM) SE Runtime Environment (8.0_181-b13) (build 1.8.0_181-b13)
# Java VM: Java HotSpot(TM) 64-Bit Server VM (25.181-b13 mixed mode windows-amd64 compressed oops)
Heap:
 PSYoungGen      total 27648K, used 10345K [0x00000000e1800000, 0x00000000e3680000, 0x0000000100000000)
  eden space 24064K, 42% used [0x00000000e1800000,0x00000000e221a670,0x00000000e2f80000)
  from space 3584K, 0% used [0x00000000e3300000,0x00000000e3300000,0x00000000e3680000)
  to   space 3584K, 0% used [0x00000000e2f80000,0x00000000e2f80000,0x00000000e3300000)
 ParOldGen       total 49664K, used 7442K [0x00000000a4800000, 0x00000000a7880000, 0x00000000e1800000)
  object space 49664K, 14% used [0x00000000a4800000,0x00000000a4f44988,0x00000000a7880000)
 Metaspace       used 24076K, capacity 24342K, committed 24576K, reserved 1071104K
  class space    used 2641K, capacity 2735K, committed 2816K, reserved 1048576K
GC Heap History (6 events):
Event: 2.303 GC heap before
{Heap before GC invocations=1 (full 0):
 PSYoungGen      total 27648K, used 24001K [0x00000000e1800000, 0x00000000e3680000, 0x0000000100000000)
  eden space 24064K, 99% used [0x00000000e1800000,0x00000000e2f706e0,0x00000000e2f80000)
  from space 3584K, 0% used [0x00000000e3300000,0x00000000e3300000,0x00000000e3680000)
  to   space 3584K, 0% used [0x00000000e2f80000,0x00000000e2f80000,0x00000000e3300000)
 ParOldGen       total 62976K, used 0K [0x00000000a4800000, 0x00000000a8580000, 0x00000000e1800000)
  object space 62976K, 0% used [0x00000000a4800000,0x00000000a4800000,0x00000000a8580000)
 Metaspace       used 15600K, capacity 15858K, committed 16000K, reserved 1062912K
  class space    used 2045K, capacity 2127K, committed 2176K, reserved 1048576K
Event: 2.313 GC heap after
Heap after GC invocations=1 (full 0):
 PSYoungGen      total 27648K, used 3577K [0x00000000e1800000, 0x00000000e3680000, 0x0000000100000000)
  eden space 24064K, 0% used [0x00000000e1800000,0x00000000e1800000,0x00000000e2f80000)
  from space 3584K, 99% used [0x00000000e2f80000,0x00000000e32fe5e0,0x00000000e3300000)
  to   space 3584K, 0% used [0x00000000e3300000,0x00000000e3300000,0x00000000e3680000)
 ParOldGen       total 62976K, used 2294K [0x00000000a4800000, 0x00000000a8580000, 0x00000000e1800000)
  object space 62976K, 3% used [0x00000000a4800000,0x00000000a4a3da08,0x00000000a8580000)
 Metaspace       used 15600K, capacity 15858K, committed 16000K, reserved 1062912K
  class space    used 2045K, capacity 2127K, committed 2176K, reserved 1048576K
}
Event: 2.849 GC heap before
{Heap before GC invocations=2 (full 0):
 PSYoungGen      total 27648K, used 14688K [0x00000000e1800000, 0x00000000e3680000, 0x0000000100000000)
  eden space 24064K, 46% used [0x00000000e1800000,0x00000000e22d9c68,0x00000000e2f80000)
  from space 3584K, 99% used [0x00000000e2f80000,0x00000000e32fe5e0,0x00000000e3300000)
  to   space 3584K, 0% used [0x00000000e3300000,0x00000000e3300000,0x00000000e3680000)
 ParOldGen       total 62976K, used 2294K [0x00000000a4800000, 0x00000000a8580000, 0x00000000e1800000)
  object space 62976K, 3% used [0x00000000a4800000,0x00000000a4a3da08,0x00000000a8580000)
 Metaspace       used 20873K, capacity 21106K, committed 21248K, reserved 1069056K
  class space    used 2383K, capacity 2447K, committed 2560K, reserved 1048576K
Event: 2.856 GC heap after
Heap after GC invocations=2 (full 0):
 PSYoungGen      total 27648K, used 3578K [0x00000000e1800000, 0x00000000e3680000, 0x0000000100000000)
  eden space 24064K, 0% used [0x00000000e1800000,0x00000000e1800000,0x00000000e2f80000)
  from space 3584K, 99% used [0x00000000e3300000,0x00000000e367e9d0,0x00000000e3680000)
  to   space 3584K, 0% used [0x00000000e2f80000,0x00000000e2f80000,0x00000000e3300000)
 ParOldGen       total 62976K, used 4055K [0x00000000a4800000, 0x00000000a8580000, 0x00000000e1800000)
  object space 62976K, 6% used [0x00000000a4800000,0x00000000a4bf5d28,0x00000000a8580000)
 Metaspace       used 20873K, capacity 21106K, committed 21248K, reserved 1069056K
  class space    used 2383K, capacity 2447K, committed 2560K, reserved 1048576K
}
Event: 2.856 GC heap before
{Heap before GC invocations=3 (full 1):
 PSYoungGen      total 27648K, used 3578K [0x00000000e1800000, 0x00000000e3680000, 0x0000000100000000)
  eden space 24064K, 0% used [0x00000000e1800000,0x00000000e1800000,0x00000000e2f80000)
  from space 3584K, 99% used [0x00000000e3300000,0x00000000e367e9d0,0x00000000e3680000)
  to   space 3584K, 0% used [0x00000000e2f80000,0x00000000e2f80000,0x00000000e3300000)
 ParOldGen       total 62976K, used 4055K [0x00000000a4800000, 0x00000000a8580000, 0x00000000e1800000)
  object space 62976K, 6% used [0x00000000a4800000,0x00000000a4bf5d28,0x00000000a8580000)
 Metaspace       used 20873K, capacity 21106K, committed 21248K, reserved 1069056K
  class space    used 2383K, capacity 2447K, committed 2560K, reserved 1048576K
Event: 2.897 GC heap after
Heap after GC invocations=3 (full 1):
 PSYoungGen      total 27648K, used 0K [0x00000000e1800000, 0x00000000e3680000, 0x0000000100000000)
  eden space 24064K, 0% used [0x00000000e1800000,0x00000000e1800000,0x00000000e2f80000)
  from space 3584K, 0% used [0x00000000e3300000,0x00000000e3300000,0x00000000e3680000)
  to   space 3584K, 0% used [0x00000000e2f80000,0x00000000e2f80000,0x00000000e3300000)
 ParOldGen       total 49664K, used 7442K [0x00000000a4800000, 0x00000000a7880000, 0x00000000e1800000)
  object space 49664K, 14% used [0x00000000a4800000,0x00000000a4f44988,0x00000000a7880000)
 Metaspace       used 20873K, capacity 21106K, committed 21248K, reserved 1069056K
  class space    used 2383K, capacity 2447K, committed 2560K, reserved 1048576K
}

