# JRE version: Java(TM) SE Runtime Environment (8.0_181-b13) (build 1.8.0_181-b13)
# Java VM: Java HotSpot(TM) 64-Bit Server VM (25.181-b13 mixed mode windows-amd64 compressed oops)
Heap:
 PSYoungGen      total 37888K, used 26077K [0x00000000e1800000, 0x00000000e4b00000, 0x0000000100000000)
  eden space 34304K, 65% used [0x00000000e1800000,0x00000000e2dfb8b0,0x00000000e3980000)
  from space 3584K, 99% used [0x00000000e4780000,0x00000000e4afbcd8,0x00000000e4b00000)
  to   space 3584K, 0% used [0x00000000e4400000,0x00000000e4400000,0x00000000e4780000)
 ParOldGen       total 48640K, used 10910K [0x00000000a4800000, 0x00000000a7780000, 0x00000000e1800000)
  object space 48640K, 22% used [0x00000000a4800000,0x00000000a52a7bd8,0x00000000a7780000)
 Metaspace       used 30934K, capacity 31328K, committed 31488K, reserved 1077248K
  class space    used 3467K, capacity 3579K, committed 3584K, reserved 1048576K
GC Heap History (10 events):
Event: 1.789 GC heap before
{Heap before GC invocations=1 (full 0):
 PSYoungGen      total 27648K, used 24064K [0x00000000e1800000, 0x00000000e3680000, 0x0000000100000000)
  eden space 24064K, 100% used [0x00000000e1800000,0x00000000e2f80000,0x00000000e2f80000)
  from space 3584K, 0% used [0x00000000e3300000,0x00000000e3300000,0x00000000e3680000)
  to   space 3584K, 0% used [0x00000000e2f80000,0x00000000e2f80000,0x00000000e3300000)
 ParOldGen       total 62976K, used 0K [0x00000000a4800000, 0x00000000a8580000, 0x00000000e1800000)
  object space 62976K, 0% used [0x00000000a4800000,0x00000000a4800000,0x00000000a8580000)
 Metaspace       used 13680K, capacity 13880K, committed 14080K, reserved 1060864K
  class space    used 1624K, capacity 1706K, committed 1792K, reserved 1048576K
Event: 1.808 GC heap after
Heap after GC invocations=1 (full 0):
 PSYoungGen      total 27648K, used 3570K [0x00000000e1800000, 0x00000000e4e00000, 0x0000000100000000)
  eden space 24064K, 0% used [0x00000000e1800000,0x00000000e1800000,0x00000000e2f80000)
  from space 3584K, 99% used [0x00000000e2f80000,0x00000000e32fca00,0x00000000e3300000)
  to   space 3584K, 0% used [0x00000000e4a80000,0x00000000e4a80000,0x00000000e4e00000)
 ParOldGen       total 62976K, used 1275K [0x00000000a4800000, 0x00000000a8580000, 0x00000000e1800000)
  object space 62976K, 2% used [0x00000000a4800000,0x00000000a493ec08,0x00000000a8580000)
 Metaspace       used 13680K, capacity 13880K, committed 14080K, reserved 1060864K
  class space    used 1624K, capacity 1706K, committed 1792K, reserved 1048576K
}
Event: 3.895 GC heap before
{Heap before GC invocations=2 (full 0):
 PSYoungGen      total 27648K, used 21592K [0x00000000e1800000, 0x00000000e4e00000, 0x0000000100000000)
  eden space 24064K, 74% used [0x00000000e1800000,0x00000000e29998a8,0x00000000e2f80000)
  from space 3584K, 99% used [0x00000000e2f80000,0x00000000e32fca00,0x00000000e3300000)
  to   space 3584K, 0% used [0x00000000e4a80000,0x00000000e4a80000,0x00000000e4e00000)
 ParOldGen       total 62976K, used 1275K [0x00000000a4800000, 0x00000000a8580000, 0x00000000e1800000)
  object space 62976K, 2% used [0x00000000a4800000,0x00000000a493ec08,0x00000000a8580000)
 Metaspace       used 20961K, capacity 21144K, committed 21248K, reserved 1069056K
  class space    used 2151K, capacity 2250K, committed 2304K, reserved 1048576K
Event: 3.905 GC heap after
Heap after GC invocations=2 (full 0):
 PSYoungGen      total 27648K, used 3572K [0x00000000e1800000, 0x00000000e4e00000, 0x0000000100000000)
  eden space 24064K, 0% used [0x00000000e1800000,0x00000000e1800000,0x00000000e2f80000)
  from space 3584K, 99% used [0x00000000e4a80000,0x00000000e4dfd3e8,0x00000000e4e00000)
  to   space 3584K, 0% used [0x00000000e2f80000,0x00000000e2f80000,0x00000000e3300000)
 ParOldGen       total 62976K, used 4803K [0x00000000a4800000, 0x00000000a8580000, 0x00000000e1800000)
  object space 62976K, 7% used [0x00000000a4800000,0x00000000a4cb0c80,0x00000000a8580000)
 Metaspace       used 20961K, capacity 21144K, committed 21248K, reserved 1069056K
  class space    used 2151K, capacity 2250K, committed 2304K, reserved 1048576K
}
Event: 3.905 GC heap before
{Heap before GC invocations=3 (full 1):
 PSYoungGen      total 27648K, used 3572K [0x00000000e1800000, 0x00000000e4e00000, 0x0000000100000000)
  eden space 24064K, 0% used [0x00000000e1800000,0x00000000e1800000,0x00000000e2f80000)
  from space 3584K, 99% used [0x00000000e4a80000,0x00000000e4dfd3e8,0x00000000e4e00000)
  to   space 3584K, 0% used [0x00000000e2f80000,0x00000000e2f80000,0x00000000e3300000)
 ParOldGen       total 62976K, used 4803K [0x00000000a4800000, 0x00000000a8580000, 0x00000000e1800000)
  object space 62976K, 7% used [0x00000000a4800000,0x00000000a4cb0c80,0x00000000a8580000)
 Metaspace       used 20961K, capacity 21144K, committed 21248K, reserved 1069056K
  class space    used 2151K, capacity 2250K, committed 2304K, reserved 1048576K
Event: 3.938 GC heap after
Heap after GC invocations=3 (full 1):
 PSYoungGen      total 27648K, used 0K [0x00000000e1800000, 0x00000000e4e00000, 0x0000000100000000)
  eden space 24064K, 0% used [0x00000000e1800000,0x00000000e1800000,0x00000000e2f80000)
  from space 3584K, 0% used [0x00000000e4a80000,0x00000000e4a80000,0x00000000e4e00000)
  to   space 3584K, 0% used [0x00000000e2f80000,0x00000000e2f80000,0x00000000e3300000)
 ParOldGen       total 48640K, used 7566K [0x00000000a4800000, 0x00000000a7780000, 0x00000000e1800000)
  object space 48640K, 15% used [0x00000000a4800000,0x00000000a4f638b8,0x00000000a7780000)
 Metaspace       used 20961K, capacity 21144K, committed 21248K, reserved 1069056K
  class space    used 2151K, capacity 2250K, committed 2304K, reserved 1048576K
}
Event: 9.429 GC heap before
{Heap before GC invocations=4 (full 1):
 PSYoungGen      total 27648K, used 24064K [0x00000000e1800000, 0x00000000e4e00000, 0x0000000100000000)
  eden space 24064K, 100% used [0x00000000e1800000,0x00000000e2f80000,0x00000000e2f80000)
  from space 3584K, 0% used [0x00000000e4a80000,0x00000000e4a80000,0x00000000e4e00000)
  to   space 3584K, 0% used [0x00000000e2f80000,0x00000000e2f80000,0x00000000e3300000)
 ParOldGen       total 48640K, used 7566K [0x00000000a4800000, 0x00000000a7780000, 0x00000000e1800000)
  object space 48640K, 15% used [0x00000000a4800000,0x00000000a4f638b8,0x00000000a7780000)
 Metaspace       used 25566K, capacity 25942K, committed 26240K, reserved 1073152K
  class space    used 2748K, capacity 2851K, committed 2944K, reserved 1048576K
Event: 9.435 GC heap after
Heap after GC invocations=4 (full 1):
 PSYoungGen      total 27648K, used 3580K [0x00000000e1800000, 0x00000000e4b00000, 0x0000000100000000)
  eden space 24064K, 0% used [0x00000000e1800000,0x00000000e1800000,0x00000000e2f80000)
  from space 3584K, 99% used [0x00000000e2f80000,0x00000000e32ff1a8,0x00000000e3300000)
  to   space 3584K, 0% used [0x00000000e4780000,0x00000000e4780000,0x00000000e4b00000)
 ParOldGen       total 48640K, used 8645K [0x00000000a4800000, 0x00000000a7780000, 0x00000000e1800000)
  object space 48640K, 17% used [0x00000000a4800000,0x00000000a50715d8,0x00000000a7780000)
 Metaspace       used 25566K, capacity 25942K, committed 26240K, reserved 1073152K
  class space    used 2748K, capacity 2851K, committed 2944K, reserved 1048576K
}
Event: 10.284 GC heap before
{Heap before GC invocations=5 (full 1):
 PSYoungGen      total 27648K, used 27644K [0x00000000e1800000, 0x00000000e4b00000, 0x0000000100000000)
  eden space 24064K, 100% used [0x00000000e1800000,0x00000000e2f80000,0x00000000e2f80000)
  from space 3584K, 99% used [0x00000000e2f80000,0x00000000e32ff1a8,0x00000000e3300000)
  to   space 3584K, 0% used [0x00000000e4780000,0x00000000e4780000,0x00000000e4b00000)
 ParOldGen       total 48640K, used 8645K [0x00000000a4800000, 0x00000000a7780000, 0x00000000e1800000)
  object space 48640K, 17% used [0x00000000a4800000,0x00000000a50715d8,0x00000000a7780000)
 Metaspace       used 28354K, capacity 28692K, committed 28928K, reserved 1075200K
  class space    used 3120K, capacity 3209K, committed 3328K, reserved 1048576K
Event: 10.291 GC heap after
Heap after GC invocations=5 (full 1):
 PSYoungGen      total 37888K, used 3567K [0x00000000e1800000, 0x00000000e4b00000, 0x0000000100000000)
  eden space 34304K, 0% used [0x00000000e1800000,0x00000000e1800000,0x00000000e3980000)
  from space 3584K, 99% used [0x00000000e4780000,0x00000000e4afbcd8,0x00000000e4b00000)
  to   space 3584K, 0% used [0x00000000e4400000,0x00000000e4400000,0x00000000e4780000)
 ParOldGen       total 48640K, used 10910K [0x00000000a4800000, 0x00000000a7780000, 0x00000000e1800000)
  object space 48640K, 22% used [0x00000000a4800000,0x00000000a52a7bd8,0x00000000a7780000)
 Metaspace       used 28354K, capacity 28692K, committed 28928K, reserved 1075200K
  class space    used 3120K, capacity 3209K, committed 3328K, reserved 1048576K
}

