# JRE version: Java(TM) SE Runtime Environment (8.0_181-b13) (build 1.8.0_181-b13)
# Java VM: Java HotSpot(TM) 64-Bit Server VM (25.181-b13 mixed mode windows-amd64 compressed oops)
Heap:
 PSYoungGen      total 27648K, used 5760K [0x00000000e1800000, 0x00000000e4e00000, 0x0000000100000000)
  eden space 24064K, 23% used [0x00000000e1800000,0x00000000e1da00d0,0x00000000e2f80000)
  from space 3584K, 0% used [0x00000000e3300000,0x00000000e3300000,0x00000000e3680000)
  to   space 3584K, 0% used [0x00000000e2f80000,0x00000000e2f80000,0x00000000e3300000)
 ParOldGen       total 48128K, used 7562K [0x00000000a4800000, 0x00000000a7700000, 0x00000000e1800000)
  object space 48128K, 15% used [0x00000000a4800000,0x00000000a4f62b30,0x00000000a7700000)
 Metaspace       used 22509K, capacity 22806K, committed 22912K, reserved 1069056K
  class space    used 2511K, capacity 2607K, committed 2688K, reserved 1048576K
GC Heap History (6 events):
Event: 1.873 GC heap before
{Heap before GC invocations=1 (full 0):
 PSYoungGen      total 27648K, used 23998K [0x00000000e1800000, 0x00000000e3680000, 0x0000000100000000)
  eden space 24064K, 99% used [0x00000000e1800000,0x00000000e2f6fbc0,0x00000000e2f80000)
  from space 3584K, 0% used [0x00000000e3300000,0x00000000e3300000,0x00000000e3680000)
  to   space 3584K, 0% used [0x00000000e2f80000,0x00000000e2f80000,0x00000000e3300000)
 ParOldGen       total 62976K, used 0K [0x00000000a4800000, 0x00000000a8580000, 0x00000000e1800000)
  object space 62976K, 0% used [0x00000000a4800000,0x00000000a4800000,0x00000000a8580000)
 Metaspace       used 15588K, capacity 15858K, committed 16000K, reserved 1062912K
  class space    used 2046K, capacity 2127K, committed 2176K, reserved 1048576K
Event: 1.888 GC heap after
Heap after GC invocations=1 (full 0):
 PSYoungGen      total 27648K, used 3571K [0x00000000e1800000, 0x00000000e3680000, 0x0000000100000000)
  eden space 24064K, 0% used [0x00000000e1800000,0x00000000e1800000,0x00000000e2f80000)
  from space 3584K, 99% used [0x00000000e2f80000,0x00000000e32fcfc0,0x00000000e3300000)
  to   space 3584K, 0% used [0x00000000e3300000,0x00000000e3300000,0x00000000e3680000)
 ParOldGen       total 62976K, used 2308K [0x00000000a4800000, 0x00000000a8580000, 0x00000000e1800000)
  object space 62976K, 3% used [0x00000000a4800000,0x00000000a4a410c8,0x00000000a8580000)
 Metaspace       used 15588K, capacity 15858K, committed 16000K, reserved 1062912K
  class space    used 2046K, capacity 2127K, committed 2176K, reserved 1048576K
}
Event: 2.313 GC heap before
{Heap before GC invocations=2 (full 0):
 PSYoungGen      total 27648K, used 15431K [0x00000000e1800000, 0x00000000e3680000, 0x0000000100000000)
  eden space 24064K, 49% used [0x00000000e1800000,0x00000000e2394ed0,0x00000000e2f80000)
  from space 3584K, 99% used [0x00000000e2f80000,0x00000000e32fcfc0,0x00000000e3300000)
  to   space 3584K, 0% used [0x00000000e3300000,0x00000000e3300000,0x00000000e3680000)
 ParOldGen       total 62976K, used 2308K [0x00000000a4800000, 0x00000000a8580000, 0x00000000e1800000)
  object space 62976K, 3% used [0x00000000a4800000,0x00000000a4a410c8,0x00000000a8580000)
 Metaspace       used 20930K, capacity 21106K, committed 21248K, reserved 1069056K
  class space    used 2386K, capacity 2447K, committed 2560K, reserved 1048576K
Event: 2.320 GC heap after
Heap after GC invocations=2 (full 0):
 PSYoungGen      total 27648K, used 3581K [0x00000000e1800000, 0x00000000e4e00000, 0x0000000100000000)
  eden space 24064K, 0% used [0x00000000e1800000,0x00000000e1800000,0x00000000e2f80000)
  from space 3584K, 99% used [0x00000000e3300000,0x00000000e367f4e8,0x00000000e3680000)
  to   space 3584K, 0% used [0x00000000e2f80000,0x00000000e2f80000,0x00000000e3300000)
 ParOldGen       total 62976K, used 4140K [0x00000000a4800000, 0x00000000a8580000, 0x00000000e1800000)
  object space 62976K, 6% used [0x00000000a4800000,0x00000000a4c0b348,0x00000000a8580000)
 Metaspace       used 20930K, capacity 21106K, committed 21248K, reserved 1069056K
  class space    used 2386K, capacity 2447K, committed 2560K, reserved 1048576K
}
Event: 2.320 GC heap before
{Heap before GC invocations=3 (full 1):
 PSYoungGen      total 27648K, used 3581K [0x00000000e1800000, 0x00000000e4e00000, 0x0000000100000000)
  eden space 24064K, 0% used [0x00000000e1800000,0x00000000e1800000,0x00000000e2f80000)
  from space 3584K, 99% used [0x00000000e3300000,0x00000000e367f4e8,0x00000000e3680000)
  to   space 3584K, 0% used [0x00000000e2f80000,0x00000000e2f80000,0x00000000e3300000)
 ParOldGen       total 62976K, used 4140K [0x00000000a4800000, 0x00000000a8580000, 0x00000000e1800000)
  object space 62976K, 6% used [0x00000000a4800000,0x00000000a4c0b348,0x00000000a8580000)
 Metaspace       used 20930K, capacity 21106K, committed 21248K, reserved 1069056K
  class space    used 2386K, capacity 2447K, committed 2560K, reserved 1048576K
Event: 2.356 GC heap after
Heap after GC invocations=3 (full 1):
 PSYoungGen      total 27648K, used 0K [0x00000000e1800000, 0x00000000e4e00000, 0x0000000100000000)
  eden space 24064K, 0% used [0x00000000e1800000,0x00000000e1800000,0x00000000e2f80000)
  from space 3584K, 0% used [0x00000000e3300000,0x00000000e3300000,0x00000000e3680000)
  to   space 3584K, 0% used [0x00000000e2f80000,0x00000000e2f80000,0x00000000e3300000)
 ParOldGen       total 48128K, used 7562K [0x00000000a4800000, 0x00000000a7700000, 0x00000000e1800000)
  object space 48128K, 15% used [0x00000000a4800000,0x00000000a4f62b30,0x00000000a7700000)
 Metaspace       used 20930K, capacity 21106K, committed 21248K, reserved 1069056K
  class space    used 2386K, capacity 2447K, committed 2560K, reserved 1048576K
}

